cc -std=c++11 -c lib/sources/assembler.cpp -o lib/obj/assembler.o
In file included from /usr/include/wchar.h:36:0,
                 from /usr/include/c++/6/cwchar:44,
                 from /usr/include/c++/6/bits/postypes.h:40,
                 from /usr/include/c++/6/iosfwd:40,
                 from /usr/include/c++/6/ios:38,
                 from /usr/include/c++/6/ostream:38,
                 from /usr/include/c++/6/iostream:39,
                 from lib/sources/../headers/assembler.hpp:4,
                 from lib/sources/assembler.cpp:1:
/usr/include/stdio.h:46:1: error: ‘__BEGIN_NAMESPACE_STD’ does not name a type
 __BEGIN_NAMESPACE_STD
 ^~~~~~~~~~~~~~~~~~~~~
/usr/include/stdio.h:49:1: error: ‘__END_NAMESPACE_STD’ does not name a type
 __END_NAMESPACE_STD
 ^~~~~~~~~~~~~~~~~~~
In file included from /usr/include/c++/6/cwchar:44:0,
                 from /usr/include/c++/6/bits/postypes.h:40,
                 from /usr/include/c++/6/iosfwd:40,
                 from /usr/include/c++/6/ios:38,
                 from /usr/include/c++/6/ostream:38,
                 from /usr/include/c++/6/iostream:39,
                 from lib/sources/../headers/assembler.hpp:4,
                 from lib/sources/assembler.cpp:1:
/usr/include/wchar.h:104:1: error: ‘__BEGIN_NAMESPACE_C99’ does not name a type
 __BEGIN_NAMESPACE_C99
 ^~~~~~~~~~~~~~~~~~~~~
/usr/include/wchar.h:107:1: error: ‘__END_NAMESPACE_C99’ does not name a type
 __END_NAMESPACE_C99
 ^~~~~~~~~~~~~~~~~~~
/usr/include/wchar.h:138:1: error: ‘__END_NAMESPACE_STD’ does not name a type
 __END_NAMESPACE_STD
 ^~~~~~~~~~~~~~~~~~~
/usr/include/wchar.h:154:6: error: expected initializer before ‘__THROW’
      __THROW __nonnull ((1, 2));
      ^~~~~~~
/usr/include/wchar.h:159:6: error: expected initializer before ‘__THROW’
      __THROW __nonnull ((1, 2));
      ^~~~~~~
/usr/include/wchar.h:163:6: error: expected initializer before ‘__THROW’
      __THROW __nonnull ((1, 2));
      ^~~~~~~
/usr/include/wchar.h:167:6: error: expected initializer before ‘__THROW’
      __THROW __attribute_pure__ __nonnull ((1, 2));
      ^~~~~~~
/usr/include/wchar.h:170:6: error: expected initializer before ‘__THROW’
      __THROW __attribute_pure__ __nonnull ((1, 2));
      ^~~~~~~
/usr/include/wchar.h:171:1: error: ‘__END_NAMESPACE_STD’ does not name a type
 __END_NAMESPACE_STD
 ^~~~~~~~~~~~~~~~~~~
/usr/include/wchar.h:179:16: error: expected initializer before ‘__THROW’
    size_t __n) __THROW;
                ^~~~~~~
In file included from /usr/include/c++/6/cwchar:44:0,
                 from /usr/include/c++/6/bits/postypes.h:40,
                 from /usr/include/c++/6/iosfwd:40,
                 from /usr/include/c++/6/ios:38,
                 from /usr/include/c++/6/ostream:38,
                 from /usr/include/c++/6/iostream:39,
                 from lib/sources/../headers/assembler.hpp:4,
                 from lib/sources/assembler.cpp:1:
/usr/include/wchar.h:186:23: error: expected initializer before ‘__THROW’
     __locale_t __loc) __THROW;
                       ^~~~~~~
/usr/include/wchar.h:189:36: error: expected initializer before ‘__THROW’
      size_t __n, __locale_t __loc) __THROW;
                                    ^~~~~~~
/usr/include/wchar.h:192:1: error: ‘__BEGIN_NAMESPACE_STD’ does not name a type
 __BEGIN_NAMESPACE_STD
 ^~~~~~~~~~~~~~~~~~~~~
/usr/include/wchar.h:200:54: error: expected initializer before ‘__THROW’
          const wchar_t *__restrict __s2, size_t __n) __THROW;
                                                      ^~~~~~~
/usr/include/wchar.h:201:1: error: ‘__END_NAMESPACE_STD’ does not name a type
 __END_NAMESPACE_STD
 ^~~~~~~~~~~~~~~~~~~
/usr/include/wchar.h:216:35: error: expected initializer before ‘__THROW’
     size_t __n, __locale_t __loc) __THROW;
                                   ^~~~~~~
/usr/include/wchar.h:219:45: error: expected initializer before ‘__THROW’
 extern wchar_t *wcsdup (const wchar_t *__s) __THROW __attribute_malloc__;
                                             ^~~~~~~
/usr/include/wchar.h:222:1: error: ‘__BEGIN_NAMESPACE_STD’ does not name a type
 __BEGIN_NAMESPACE_STD
 ^~~~~~~~~~~~~~~~~~~~~
/usr/include/wchar.h:228:6: error: expected initializer before ‘__THROW’
      __THROW __asm ("wcschr") __attribute_pure__;
      ^~~~~~~
/usr/include/wchar.h:236:6: error: expected initializer before ‘__THROW’
      __THROW __asm ("wcsrchr") __attribute_pure__;
      ^~~~~~~
/usr/include/wchar.h:238:6: error: expected initializer before ‘__THROW’
      __THROW __asm ("wcsrchr") __attribute_pure__;
      ^~~~~~~
/usr/include/wchar.h:243:1: error: ‘__END_NAMESPACE_STD’ does not name a type
 __END_NAMESPACE_STD
 ^~~~~~~~~~~~~~~~~~~
/usr/include/wchar.h:252:1: error: ‘__BEGIN_NAMESPACE_STD’ does not name a type
 __BEGIN_NAMESPACE_STD
 ^~~~~~~~~~~~~~~~~~~~~
/usr/include/wchar.h:260:6: error: expected initializer before ‘__THROW’
      __THROW __attribute_pure__;
      ^~~~~~~
/usr/include/wchar.h:264:6: error: expected initializer before ‘__THROW’
      __THROW __asm ("wcspbrk") __attribute_pure__;
      ^~~~~~~
/usr/include/wchar.h:267:6: error: expected initializer before ‘__THROW’
      __THROW __asm ("wcspbrk") __attribute_pure__;
      ^~~~~~~
/usr/include/wchar.h:275:6: error: expected initializer before ‘__THROW’
      __THROW __asm ("wcsstr") __attribute_pure__;
      ^~~~~~~
/usr/include/wchar.h:278:6: error: expected initializer before ‘__THROW’
      __THROW __asm ("wcsstr") __attribute_pure__;
      ^~~~~~~
/usr/include/wchar.h:287:32: error: expected initializer before ‘__THROW’
    wchar_t **__restrict __ptr) __THROW;
                                ^~~~~~~
/usr/include/wchar.h:290:43: error: expected initializer before ‘__THROW’
 extern size_t wcslen (const wchar_t *__s) __THROW __attribute_pure__;
                                           ^~~~~~~
/usr/include/wchar.h:291:1: error: ‘__END_NAMESPACE_STD’ does not name a type
 __END_NAMESPACE_STD
 ^~~~~~~~~~~~~~~~~~~
/usr/include/wchar.h:300:6: error: expected initializer before ‘__THROW’
      __THROW __asm ("wcswcs") __attribute_pure__;
      ^~~~~~~
/usr/include/wchar.h:310:6: error: expected initializer before ‘__THROW’
      __THROW __attribute_pure__;
      ^~~~~~~
/usr/include/wchar.h:314:1: error: ‘__BEGIN_NAMESPACE_STD’ does not name a type
 __BEGIN_NAMESPACE_STD
 ^~~~~~~~~~~~~~~~~~~~~
/usr/include/wchar.h:321:6: error: expected initializer before ‘__THROW’
      __THROW __asm ("wmemchr") __attribute_pure__;
      ^~~~~~~
/usr/include/wchar.h:329:6: error: expected initializer before ‘__THROW’
      __THROW __attribute_pure__;
      ^~~~~~~
/usr/include/wchar.h:333:49: error: expected initializer before ‘__THROW’
     const wchar_t *__restrict __s2, size_t __n) __THROW;
                                                 ^~~~~~~
/usr/include/wchar.h:338:6: error: expected initializer before ‘__THROW’
      __THROW;
      ^~~~~~~
/usr/include/wchar.h:341:65: error: expected initializer before ‘__THROW’
 extern wchar_t *wmemset (wchar_t *__s, wchar_t __c, size_t __n) __THROW;
                                                                 ^~~~~~~
/usr/include/wchar.h:342:1: error: ‘__END_NAMESPACE_STD’ does not name a type
 __END_NAMESPACE_STD
 ^~~~~~~~~~~~~~~~~~~
/usr/include/wchar.h:353:1: error: ‘__BEGIN_NAMESPACE_STD’ does not name a type
 __BEGIN_NAMESPACE_STD
 ^~~~~~~~~~~~~~~~~~~~~
/usr/include/wchar.h:360:31: error: expected initializer before ‘__THROW’
 extern int wctob (wint_t __c) __THROW;
                               ^~~~~~~
/usr/include/wchar.h:364:27: error: ‘mbstate_t’ does not name a type
 extern int mbsinit (const mbstate_t *__ps) __THROW __attribute_pure__;
                           ^~~~~~~~~
/usr/include/wchar.h:364:44: error: expected initializer before ‘__THROW’
 extern int mbsinit (const mbstate_t *__ps) __THROW __attribute_pure__;
                                            ^~~~~~~
/usr/include/wchar.h:370:10: error: ‘mbstate_t’ has not been declared
          mbstate_t *__restrict __p) __THROW;
          ^~~~~~~~~
/usr/include/wchar.h:370:37: error: expected initializer before ‘__THROW’
          mbstate_t *__restrict __p) __THROW;
                                     ^~~~~~~
/usr/include/wchar.h:374:10: error: ‘mbstate_t’ has not been declared
          mbstate_t *__restrict __ps) __THROW;
          ^~~~~~~~~
/usr/include/wchar.h:374:38: error: expected initializer before ‘__THROW’
          mbstate_t *__restrict __ps) __THROW;
                                      ^~~~~~~
/usr/include/wchar.h:378:4: error: ‘mbstate_t’ has not been declared
    mbstate_t *__restrict __ps) __THROW;
    ^~~~~~~~~
/usr/include/wchar.h:378:32: error: expected initializer before ‘__THROW’
    mbstate_t *__restrict __ps) __THROW;
                                ^~~~~~~
/usr/include/wchar.h:380:9: error: ‘mbstate_t’ has not been declared
         mbstate_t *__restrict __ps) __THROW;
         ^~~~~~~~~
/usr/include/wchar.h:380:37: error: expected initializer before ‘__THROW’
         mbstate_t *__restrict __ps) __THROW;
                                     ^~~~~~~
/usr/include/wchar.h:381:1: error: ‘__END_NAMESPACE_STD’ does not name a type
 __END_NAMESPACE_STD
 ^~~~~~~~~~~~~~~~~~~
/usr/include/wchar.h:419:5: error: ‘mbstate_t’ has not been declared
     mbstate_t *__restrict __ps) __THROW;
     ^~~~~~~~~
/usr/include/wchar.h:419:33: error: expected initializer before ‘__THROW’
     mbstate_t *__restrict __ps) __THROW;
                                 ^~~~~~~
/usr/include/wchar.h:420:1: error: ‘__END_NAMESPACE_STD’ does not name a type
 __END_NAMESPACE_STD
 ^~~~~~~~~~~~~~~~~~~
/usr/include/wchar.h:435:6: error: ‘mbstate_t’ has not been declared
      mbstate_t *__restrict __ps) __THROW;
      ^~~~~~~~~
/usr/include/wchar.h:435:34: error: expected initializer before ‘__THROW’
      mbstate_t *__restrict __ps) __THROW;
                                  ^~~~~~~
/usr/include/wchar.h:442:34: error: expected initializer before ‘__THROW’
 extern int wcwidth (wchar_t __c) __THROW;
                                  ^~~~~~~
/usr/include/wchar.h:446:54: error: expected initializer before ‘__THROW’
 extern int wcswidth (const wchar_t *__s, size_t __n) __THROW;
                                                      ^~~~~~~
/usr/include/wchar.h:450:1: error: ‘__BEGIN_NAMESPACE_STD’ does not name a type
 __BEGIN_NAMESPACE_STD
 ^~~~~~~~~~~~~~~~~~~~~
/usr/include/wchar.h:455:1: error: ‘__END_NAMESPACE_STD’ does not name a type
 __END_NAMESPACE_STD
 ^~~~~~~~~~~~~~~~~~~
/usr/include/wchar.h:463:39: error: expected initializer before ‘__THROW’
        wchar_t **__restrict __endptr) __THROW;
                                       ^~~~~~~
/usr/include/wchar.h:464:1: error: ‘__END_NAMESPACE_C99’ does not name a type
 __END_NAMESPACE_C99
 ^~~~~~~~~~~~~~~~~~~
/usr/include/wchar.h:478:6: error: expected initializer before ‘__THROW’
      __THROW;
      ^~~~~~~
/usr/include/wchar.h:479:1: error: ‘__END_NAMESPACE_STD’ does not name a type
 __END_NAMESPACE_STD
 ^~~~~~~~~~~~~~~~~~~
/usr/include/wchar.h:495:18: error: expected initializer before ‘__THROW’
      int __base) __THROW;
                  ^~~~~~~
/usr/include/wchar.h:496:1: error: ‘__END_NAMESPACE_C99’ does not name a type
 __END_NAMESPACE_C99
 ^~~~~~~~~~~~~~~~~~~
/usr/include/wchar.h:512:24: error: expected initializer before ‘__THROW’
            int __base) __THROW;
                        ^~~~~~~
/usr/include/wchar.h:535:24: error: expected initializer before ‘__THROW’
      __locale_t __loc) __THROW;
                        ^~~~~~~
/usr/include/wchar.h:539:39: error: expected initializer before ‘__THROW’
         int __base, __locale_t __loc) __THROW;
                                       ^~~~~~~
/usr/include/wchar.h:544:35: error: expected initializer before ‘__THROW’
     int __base, __locale_t __loc) __THROW;
                                   ^~~~~~~
/usr/include/wchar.h:550:6: error: expected initializer before ‘__THROW’
      __THROW;
      ^~~~~~~
/usr/include/wchar.h:554:6: error: expected initializer before ‘__THROW’
      __THROW;
      ^~~~~~~
/usr/include/wchar.h:558:6: error: expected initializer before ‘__THROW’
      __THROW;
      ^~~~~~~
/usr/include/wchar.h:562:28: error: expected initializer before ‘__THROW’
          __locale_t __loc) __THROW;
                            ^~~~~~~
/usr/include/wchar.h:570:37: error: expected initializer before ‘__THROW’
    const wchar_t *__restrict __src) __THROW;
                                     ^~~~~~~
/usr/include/wchar.h:576:6: error: expected initializer before ‘__THROW’
      __THROW;
      ^~~~~~~
/usr/include/wchar.h:583:8: error: ‘__FILE’ does not name a type
 extern __FILE *open_wmemstream (wchar_t **__bufloc, size_t *__sizeloc) __THROW;
        ^~~~~~
/usr/include/wchar.h:587:1: error: ‘__BEGIN_NAMESPACE_STD’ does not name a type
 __BEGIN_NAMESPACE_STD
 ^~~~~~~~~~~~~~~~~~~~~
/usr/include/wchar.h:597:22: error: ‘__FILE’ was not declared in this scope
 extern int fwprintf (__FILE *__restrict __stream,
                      ^~~~~~
/usr/include/wchar.h:597:30: error: expected primary-expression before ‘__restrict’
 extern int fwprintf (__FILE *__restrict __stream,
                              ^~~~~~~~~~
/usr/include/wchar.h:598:8: error: expected primary-expression before ‘const’
        const wchar_t *__restrict __format, ...)
        ^~~~~
/usr/include/wchar.h:598:44: error: expected primary-expression before ‘...’ token
        const wchar_t *__restrict __format, ...)
                                            ^~~
/usr/include/wchar.h:598:47: error: expression list treated as compound expression in initializer [-fpermissive]
        const wchar_t *__restrict __format, ...)
                                               ^
/usr/include/wchar.h:609:6: error: expected initializer before ‘__THROW’
      __THROW /* __attribute__ ((__format__ (__wprintf__, 3, 4))) */;
      ^~~~~~~
/usr/include/wchar.h:615:23: error: ‘__FILE’ was not declared in this scope
 extern int vfwprintf (__FILE *__restrict __s,
                       ^~~~~~
/usr/include/wchar.h:615:31: error: expected primary-expression before ‘__restrict’
 extern int vfwprintf (__FILE *__restrict __s,
                               ^~~~~~~~~~
/usr/include/wchar.h:616:9: error: expected primary-expression before ‘const’
         const wchar_t *__restrict __format,
         ^~~~~
/usr/include/wchar.h:617:24: error: expected primary-expression before ‘__arg’
         __gnuc_va_list __arg)
                        ^~~~~
/usr/include/wchar.h:617:29: error: expression list treated as compound expression in initializer [-fpermissive]
         __gnuc_va_list __arg)
                             ^
/usr/include/wchar.h:631:6: error: expected initializer before ‘__THROW’
      __THROW /* __attribute__ ((__format__ (__wprintf__, 3, 0))) */;
      ^~~~~~~
/usr/include/wchar.h:638:21: error: ‘__FILE’ was not declared in this scope
 extern int fwscanf (__FILE *__restrict __stream,
                     ^~~~~~
/usr/include/wchar.h:638:29: error: expected primary-expression before ‘__restrict’
 extern int fwscanf (__FILE *__restrict __stream,
                             ^~~~~~~~~~
/usr/include/wchar.h:639:7: error: expected primary-expression before ‘const’
       const wchar_t *__restrict __format, ...)
       ^~~~~
/usr/include/wchar.h:639:43: error: expected primary-expression before ‘...’ token
       const wchar_t *__restrict __format, ...)
                                           ^~~
/usr/include/wchar.h:639:46: error: expression list treated as compound expression in initializer [-fpermissive]
       const wchar_t *__restrict __format, ...)
                                              ^
/usr/include/wchar.h:650:6: error: expected initializer before ‘__THROW’
      __THROW /* __attribute__ ((__format__ (__wscanf__, 2, 3))) */;
      ^~~~~~~
/usr/include/wchar.h:683:1: error: ‘__END_NAMESPACE_STD’ does not name a type
 __END_NAMESPACE_STD
 ^~~~~~~~~~~~~~~~~~~
/usr/include/wchar.h:707:6: error: expected initializer before ‘__THROW’
      __THROW /* __attribute__ ((__format__ (__wscanf__, 2, 0))) */;
      ^~~~~~~
/usr/include/wchar.h:739:1: error: ‘__END_NAMESPACE_C99’ does not name a type
 __END_NAMESPACE_C99
 ^~~~~~~~~~~~~~~~~~~
/usr/include/wchar.h:749:22: error: ‘__FILE’ was not declared in this scope
 extern wint_t getwc (__FILE *__stream);
                      ^~~~~~
/usr/include/wchar.h:749:30: error: ‘__stream’ was not declared in this scope
 extern wint_t getwc (__FILE *__stream);
                              ^~~~~~~~
/usr/include/wchar.h:762:37: error: ‘__FILE’ has not been declared
 extern wint_t fputwc (wchar_t __wc, __FILE *__stream);
                                     ^~~~~~
/usr/include/wchar.h:763:36: error: ‘__FILE’ has not been declared
 extern wint_t putwc (wchar_t __wc, __FILE *__stream);
                                    ^~~~~~
/usr/include/wchar.h:778:4: error: ‘__FILE’ has not been declared
    __FILE *__restrict __stream);
    ^~~~~~
/usr/include/wchar.h:785:6: error: ‘__FILE’ has not been declared
      __FILE *__restrict __stream);
      ^~~~~~
/usr/include/wchar.h:792:37: error: ‘__FILE’ has not been declared
 extern wint_t ungetwc (wint_t __wc, __FILE *__stream);
                                     ^~~~~~
/usr/include/wchar.h:793:1: error: ‘__END_NAMESPACE_STD’ does not name a type
 __END_NAMESPACE_STD
 ^~~~~~~~~~~~~~~~~~~
/usr/include/wchar.h:813:32: error: ‘__FILE’ was not declared in this scope
 extern wint_t fgetwc_unlocked (__FILE *__stream);
                                ^~~~~~
/usr/include/wchar.h:813:40: error: ‘__stream’ was not declared in this scope
 extern wint_t fgetwc_unlocked (__FILE *__stream);
                                        ^~~~~~~~
/usr/include/wchar.h:821:46: error: ‘__FILE’ has not been declared
 extern wint_t fputwc_unlocked (wchar_t __wc, __FILE *__stream);
                                              ^~~~~~
/usr/include/wchar.h:830:45: error: ‘__FILE’ has not been declared
 extern wint_t putwc_unlocked (wchar_t __wc, __FILE *__stream);
                                             ^~~~~~
/usr/include/wchar.h:841:6: error: ‘__FILE’ has not been declared
      __FILE *__restrict __stream);
      ^~~~~~
/usr/include/wchar.h:850:8: error: ‘__FILE’ has not been declared
        __FILE *__restrict __stream);
        ^~~~~~
/usr/include/wchar.h:854:1: error: ‘__BEGIN_NAMESPACE_C99’ does not name a type
 __BEGIN_NAMESPACE_C99
 ^~~~~~~~~~~~~~~~~~~~~
/usr/include/wchar.h:861:1: error: ‘__END_NAMESPACE_C99’ does not name a type
 __END_NAMESPACE_C99
 ^~~~~~~~~~~~~~~~~~~
/usr/include/wchar.h:894:1: error: ‘__END_DECLS’ does not name a type
 __END_DECLS
 ^~~~~~~~~~~
In file included from /usr/include/c++/6/bits/postypes.h:40:0,
                 from /usr/include/c++/6/iosfwd:40,
                 from /usr/include/c++/6/ios:38,
                 from /usr/include/c++/6/ostream:38,
                 from /usr/include/c++/6/iostream:39,
                 from lib/sources/../headers/assembler.hpp:4,
                 from lib/sources/assembler.cpp:1:
/usr/include/c++/6/cwchar:141:11: error: ‘::btowc’ has not been declared
   using ::btowc;
           ^~~~~
/usr/include/c++/6/cwchar:142:11: error: ‘::fgetwc’ has not been declared
   using ::fgetwc;
           ^~~~~~
/usr/include/c++/6/cwchar:146:11: error: ‘::fwide’ has not been declared
   using ::fwide;
           ^~~~~
/usr/include/c++/6/cwchar:151:11: error: ‘::mbrlen’ has not been declared
   using ::mbrlen;
           ^~~~~~
/usr/include/c++/6/cwchar:152:11: error: ‘::mbrtowc’ has not been declared
   using ::mbrtowc;
           ^~~~~~~
/usr/include/c++/6/cwchar:153:11: error: ‘::mbsinit’ has not been declared
   using ::mbsinit;
           ^~~~~~~
/usr/include/c++/6/cwchar:154:11: error: ‘::mbsrtowcs’ has not been declared
   using ::mbsrtowcs;
           ^~~~~~~~~
/usr/include/c++/6/cwchar:158:11: error: ‘::swprintf’ has not been declared
   using ::swprintf;
           ^~~~~~~~
/usr/include/c++/6/cwchar:160:11: error: ‘::swscanf’ has not been declared
   using ::swscanf;
           ^~~~~~~
/usr/include/c++/6/cwchar:164:11: error: ‘::vfwscanf’ has not been declared
   using ::vfwscanf;
           ^~~~~~~~
/usr/include/c++/6/cwchar:167:11: error: ‘::vswprintf’ has not been declared
   using ::vswprintf;
           ^~~~~~~~~
/usr/include/c++/6/cwchar:170:11: error: ‘::vswscanf’ has not been declared
   using ::vswscanf;
           ^~~~~~~~
/usr/include/c++/6/cwchar:176:11: error: ‘::wcrtomb’ has not been declared
   using ::wcrtomb;
           ^~~~~~~
/usr/include/c++/6/cwchar:177:11: error: ‘::wcscat’ has not been declared
   using ::wcscat;
           ^~~~~~
/usr/include/c++/6/cwchar:178:11: error: ‘::wcscmp’ has not been declared
   using ::wcscmp;
           ^~~~~~
/usr/include/c++/6/cwchar:179:11: error: ‘::wcscoll’ has not been declared
   using ::wcscoll;
           ^~~~~~~
/usr/include/c++/6/cwchar:180:11: error: ‘::wcscpy’ has not been declared
   using ::wcscpy;
           ^~~~~~
/usr/include/c++/6/cwchar:181:11: error: ‘::wcscspn’ has not been declared
   using ::wcscspn;
           ^~~~~~~
/usr/include/c++/6/cwchar:182:11: error: ‘::wcsftime’ has not been declared
   using ::wcsftime;
           ^~~~~~~~
/usr/include/c++/6/cwchar:183:11: error: ‘::wcslen’ has not been declared
   using ::wcslen;
           ^~~~~~
/usr/include/c++/6/cwchar:184:11: error: ‘::wcsncat’ has not been declared
   using ::wcsncat;
           ^~~~~~~
/usr/include/c++/6/cwchar:185:11: error: ‘::wcsncmp’ has not been declared
   using ::wcsncmp;
           ^~~~~~~
/usr/include/c++/6/cwchar:186:11: error: ‘::wcsncpy’ has not been declared
   using ::wcsncpy;
           ^~~~~~~
/usr/include/c++/6/cwchar:187:11: error: ‘::wcsrtombs’ has not been declared
   using ::wcsrtombs;
           ^~~~~~~~~
/usr/include/c++/6/cwchar:188:11: error: ‘::wcsspn’ has not been declared
   using ::wcsspn;
           ^~~~~~
/usr/include/c++/6/cwchar:189:11: error: ‘::wcstod’ has not been declared
   using ::wcstod;
           ^~~~~~
/usr/include/c++/6/cwchar:191:11: error: ‘::wcstof’ has not been declared
   using ::wcstof;
           ^~~~~~
/usr/include/c++/6/cwchar:193:11: error: ‘::wcstok’ has not been declared
   using ::wcstok;
           ^~~~~~
/usr/include/c++/6/cwchar:194:11: error: ‘::wcstol’ has not been declared
   using ::wcstol;
           ^~~~~~
/usr/include/c++/6/cwchar:195:11: error: ‘::wcstoul’ has not been declared
   using ::wcstoul;
           ^~~~~~~
/usr/include/c++/6/cwchar:196:11: error: ‘::wcsxfrm’ has not been declared
   using ::wcsxfrm;
           ^~~~~~~
/usr/include/c++/6/cwchar:197:11: error: ‘::wctob’ has not been declared
   using ::wctob;
           ^~~~~
/usr/include/c++/6/cwchar:198:11: error: ‘::wmemcmp’ has not been declared
   using ::wmemcmp;
           ^~~~~~~
/usr/include/c++/6/cwchar:199:11: error: ‘::wmemcpy’ has not been declared
   using ::wmemcpy;
           ^~~~~~~
/usr/include/c++/6/cwchar:200:11: error: ‘::wmemmove’ has not been declared
   using ::wmemmove;
           ^~~~~~~~
/usr/include/c++/6/cwchar:201:11: error: ‘::wmemset’ has not been declared
   using ::wmemset;
           ^~~~~~~
/usr/include/c++/6/cwchar:204:11: error: ‘::wcschr’ has not been declared
   using ::wcschr;
           ^~~~~~
/usr/include/c++/6/cwchar:205:11: error: ‘::wcspbrk’ has not been declared
   using ::wcspbrk;
           ^~~~~~~
/usr/include/c++/6/cwchar:206:11: error: ‘::wcsrchr’ has not been declared
   using ::wcsrchr;
           ^~~~~~~
/usr/include/c++/6/cwchar:207:11: error: ‘::wcsstr’ has not been declared
   using ::wcsstr;
           ^~~~~~
/usr/include/c++/6/cwchar:208:11: error: ‘::wmemchr’ has not been declared
   using ::wmemchr;
           ^~~~~~~
/usr/include/c++/6/cwchar:248:11: error: ‘::wcstold’ has not been declared
   using ::wcstold;
           ^~~~~~~
/usr/include/c++/6/cwchar:257:11: error: ‘::wcstoll’ has not been declared
   using ::wcstoll;
           ^~~~~~~
/usr/include/c++/6/cwchar:258:11: error: ‘::wcstoull’ has not been declared
   using ::wcstoull;
           ^~~~~~~~
/usr/include/c++/6/cwchar:264:22: error: ‘__gnu_cxx::wcstold’ has not been declared
   using ::__gnu_cxx::wcstold;
                      ^~~~~~~
/usr/include/c++/6/cwchar:265:22: error: ‘__gnu_cxx::wcstoll’ has not been declared
   using ::__gnu_cxx::wcstoll;
                      ^~~~~~~
/usr/include/c++/6/cwchar:266:22: error: ‘__gnu_cxx::wcstoull’ has not been declared
   using ::__gnu_cxx::wcstoull;
                      ^~~~~~~~
/usr/include/c++/6/cwchar:280:14: error: ‘std::wcstof’ has not been declared
   using std::wcstof;
              ^~~~~~
/usr/include/c++/6/cwchar:283:14: error: ‘std::vfwscanf’ has not been declared
   using std::vfwscanf;
              ^~~~~~~~
/usr/include/c++/6/cwchar:286:14: error: ‘std::vswscanf’ has not been declared
   using std::vswscanf;
              ^~~~~~~~
/usr/include/c++/6/cwchar:293:14: error: ‘std::wcstold’ has not been declared
   using std::wcstold;
              ^~~~~~~
/usr/include/c++/6/cwchar:294:14: error: ‘std::wcstoll’ has not been declared
   using std::wcstoll;
              ^~~~~~~
/usr/include/c++/6/cwchar:295:14: error: ‘std::wcstoull’ has not been declared
   using std::wcstoull;
              ^~~~~~~~
In file included from /usr/include/c++/6/iosfwd:40:0,
                 from /usr/include/c++/6/ios:38,
                 from /usr/include/c++/6/ostream:38,
                 from /usr/include/c++/6/iostream:39,
                 from lib/sources/../headers/assembler.hpp:4,
                 from lib/sources/assembler.cpp:1:
/usr/include/c++/6/bits/postypes.h:228:16: error: ‘mbstate_t’ was not declared in this scope
   typedef fpos<mbstate_t> streampos;
                ^~~~~~~~~
/usr/include/c++/6/bits/postypes.h:228:25: error: template argument 1 is invalid
   typedef fpos<mbstate_t> streampos;
                         ^
/usr/include/c++/6/bits/postypes.h:230:16: error: ‘mbstate_t’ was not declared in this scope
   typedef fpos<mbstate_t> wstreampos;
                ^~~~~~~~~
/usr/include/c++/6/bits/postypes.h:230:25: error: template argument 1 is invalid
   typedef fpos<mbstate_t> wstreampos;
                         ^
/usr/include/c++/6/bits/postypes.h:234:16: error: ‘mbstate_t’ was not declared in this scope
   typedef fpos<mbstate_t> u16streampos;
                ^~~~~~~~~
/usr/include/c++/6/bits/postypes.h:234:25: error: template argument 1 is invalid
   typedef fpos<mbstate_t> u16streampos;
                         ^
/usr/include/c++/6/bits/postypes.h:236:16: error: ‘mbstate_t’ was not declared in this scope
   typedef fpos<mbstate_t> u32streampos;
                ^~~~~~~~~
/usr/include/c++/6/bits/postypes.h:236:25: error: template argument 1 is invalid
   typedef fpos<mbstate_t> u32streampos;
                         ^
In file included from /usr/include/c++/6/ios:40:0,
                 from /usr/include/c++/6/ostream:38,
                 from /usr/include/c++/6/iostream:39,
                 from lib/sources/../headers/assembler.hpp:4,
                 from lib/sources/assembler.cpp:1:
/usr/include/c++/6/bits/char_traits.h:63:20: error: ‘mbstate_t’ in namespace ‘std’ does not name a type
       typedef std::mbstate_t  state_type;
                    ^~~~~~~~~
/usr/include/c++/6/bits/char_traits.h:239:15: error: ‘mbstate_t’ does not name a type
       typedef mbstate_t         state_type;
               ^~~~~~~~~
/usr/include/c++/6/bits/char_traits.h:334:15: error: ‘mbstate_t’ does not name a type
       typedef mbstate_t         state_type;
               ^~~~~~~~~
/usr/include/c++/6/bits/char_traits.h: In static member function ‘static int std::char_traits<wchar_t>::compare(const char_type*, const char_type*, std::size_t)’:
/usr/include/c++/6/bits/char_traits.h:353:32: error: ‘wmemcmp’ was not declared in this scope
  return wmemcmp(__s1, __s2, __n);
                                ^
/usr/include/c++/6/bits/char_traits.h: In static member function ‘static std::size_t std::char_traits<wchar_t>::length(const char_type*)’:
/usr/include/c++/6/bits/char_traits.h:358:26: error: ‘wcslen’ was not declared in this scope
       { return wcslen(__s); }
                          ^
/usr/include/c++/6/bits/char_traits.h: In static member function ‘static const char_type* std::char_traits<wchar_t>::find(const char_type*, std::size_t, const char_type&)’:
/usr/include/c++/6/bits/char_traits.h:365:30: error: ‘wmemchr’ was not declared in this scope
  return wmemchr(__s, __a, __n);
                              ^
/usr/include/c++/6/bits/char_traits.h: In static member function ‘static std::char_traits<wchar_t>::char_type* std::char_traits<wchar_t>::move(std::char_traits<wchar_t>::char_type*, const char_type*, std::size_t)’:
/usr/include/c++/6/bits/char_traits.h:373:33: error: ‘wmemmove’ was not declared in this scope
  return wmemmove(__s1, __s2, __n);
                                 ^
/usr/include/c++/6/bits/char_traits.h: In static member function ‘static std::char_traits<wchar_t>::char_type* std::char_traits<wchar_t>::copy(std::char_traits<wchar_t>::char_type*, const char_type*, std::size_t)’:
/usr/include/c++/6/bits/char_traits.h:381:32: error: ‘wmemcpy’ was not declared in this scope
  return wmemcpy(__s1, __s2, __n);
                                ^
/usr/include/c++/6/bits/char_traits.h: In static member function ‘static std::char_traits<wchar_t>::char_type* std::char_traits<wchar_t>::assign(std::char_traits<wchar_t>::char_type*, std::size_t, std::char_traits<wchar_t>::char_type)’:
/usr/include/c++/6/bits/char_traits.h:389:30: error: ‘wmemset’ was not declared in this scope
  return wmemset(__s, __a, __n);
                              ^
In file included from /usr/include/c++/6/ios:40:0,
                 from /usr/include/c++/6/ostream:38,
                 from /usr/include/c++/6/iostream:39,
                 from lib/sources/../headers/assembler.hpp:4,
                 from lib/sources/assembler.cpp:1:
/usr/include/c++/6/bits/char_traits.h: At global scope:
/usr/include/c++/6/bits/char_traits.h:433:15: error: ‘mbstate_t’ does not name a type
       typedef mbstate_t         state_type;
               ^~~~~~~~~
/usr/include/c++/6/bits/char_traits.h:530:15: error: ‘mbstate_t’ does not name a type
       typedef mbstate_t         state_type;
               ^~~~~~~~~
In file included from /usr/include/c++/6/clocale:42:0,
                 from /usr/include/x86_64-linux-gnu/c++/6/bits/c++locale.h:41,
                 from /usr/include/c++/6/bits/localefwd.h:40,
                 from /usr/include/c++/6/ios:41,
                 from /usr/include/c++/6/ostream:38,
                 from /usr/include/c++/6/iostream:39,
                 from lib/sources/../headers/assembler.hpp:4,
                 from lib/sources/assembler.cpp:1:
/usr/include/locale.h:31:1: error: ‘__BEGIN_DECLS’ does not name a type
 __BEGIN_DECLS
 ^~~~~~~~~~~~~
/usr/include/locale.h:124:63: error: expected initializer before ‘__THROW’
 extern char *setlocale (int __category, const char *__locale) __THROW;
                                                               ^~~~~~~
/usr/include/locale.h:127:40: error: expected initializer before ‘__THROW’
 extern struct lconv *localeconv (void) __THROW;
                                        ^~~~~~~
/usr/include/locale.h:129:1: error: ‘__END_NAMESPACE_STD’ does not name a type
 __END_NAMESPACE_STD
 ^~~~~~~~~~~~~~~~~~~
/usr/include/locale.h:186:52: error: expected initializer before ‘__THROW’
 extern __locale_t duplocale (__locale_t __dataset) __THROW;
                                                    ^~~~~~~
/usr/include/locale.h:190:47: error: expected initializer before ‘__THROW’
 extern void freelocale (__locale_t __dataset) __THROW;
                                               ^~~~~~~
/usr/include/locale.h:197:52: error: expected initializer before ‘__THROW’
 extern __locale_t uselocale (__locale_t __dataset) __THROW;
                                                    ^~~~~~~
/usr/include/locale.h:205:1: error: ‘__END_DECLS’ does not name a type
 __END_DECLS
 ^~~~~~~~~~~
In file included from /usr/include/c++/6/bits/localefwd.h:40:0,
                 from /usr/include/c++/6/ios:41,
                 from /usr/include/c++/6/ostream:38,
                 from /usr/include/c++/6/iostream:39,
                 from lib/sources/../headers/assembler.hpp:4,
                 from lib/sources/assembler.cpp:1:
/usr/include/x86_64-linux-gnu/c++/6/bits/c++locale.h:52:23: error: ‘uselocale’ was not declared in this scope
   extern "C" __typeof(uselocale) __uselocale;
                       ^~~~~~~~~
/usr/include/x86_64-linux-gnu/c++/6/bits/c++locale.h: In function ‘int std::__convert_from_v(__locale_struct* const&, char*, int, const char*, ...)’:
/usr/include/x86_64-linux-gnu/c++/6/bits/c++locale.h:75:53: error: ‘__gnu_cxx::__uselocale’ cannot be used as a function
     __c_locale __old = __gnu_cxx::__uselocale(__cloc);
                                                     ^
/usr/include/x86_64-linux-gnu/c++/6/bits/c++locale.h:100:33: error: ‘__gnu_cxx::__uselocale’ cannot be used as a function
     __gnu_cxx::__uselocale(__old);
                                 ^
In file included from /usr/include/c++/6/cctype:42:0,
                 from /usr/include/c++/6/bits/localefwd.h:42,
                 from /usr/include/c++/6/ios:41,
                 from /usr/include/c++/6/ostream:38,
                 from /usr/include/c++/6/iostream:39,
                 from lib/sources/../headers/assembler.hpp:4,
                 from lib/sources/assembler.cpp:1:
/usr/include/ctype.h: At global scope:
/usr/include/ctype.h:28:1: error: ‘__BEGIN_DECLS’ does not name a type
 __BEGIN_DECLS
 ^~~~~~~~~~~~~
In file included from /usr/include/c++/6/cctype:42:0,
                 from /usr/include/c++/6/bits/localefwd.h:42,
                 from /usr/include/c++/6/ios:41,
                 from /usr/include/c++/6/ostream:38,
                 from /usr/include/c++/6/iostream:39,
                 from lib/sources/../headers/assembler.hpp:4,
                 from lib/sources/assembler.cpp:1:
/usr/include/ctype.h:80:6: error: expected initializer before ‘__THROW’
      __THROW __attribute__ ((__const__));
      ^~~~~~~
/usr/include/ctype.h:82:6: error: expected initializer before ‘__THROW’
      __THROW __attribute__ ((__const__));
      ^~~~~~~
/usr/include/ctype.h:84:6: error: expected initializer before ‘__THROW’
      __THROW __attribute__ ((__const__));
      ^~~~~~~
/usr/include/ctype.h:104:1: error: ‘__BEGIN_NAMESPACE_STD’ does not name a type
 __BEGIN_NAMESPACE_STD
 ^~~~~~~~~~~~~~~~~~~~~
/usr/include/ctype.h:111:1: error: expected initializer before ‘__THROW’
 __exctype (isalpha);
 ^
/usr/include/ctype.h:112:1: error: expected initializer before ‘__THROW’
 __exctype (iscntrl);
 ^
/usr/include/ctype.h:113:1: error: expected initializer before ‘__THROW’
 __exctype (isdigit);
 ^
/usr/include/ctype.h:114:1: error: expected initializer before ‘__THROW’
 __exctype (islower);
 ^
/usr/include/ctype.h:115:1: error: expected initializer before ‘__THROW’
 __exctype (isgraph);
 ^
/usr/include/ctype.h:116:1: error: expected initializer before ‘__THROW’
 __exctype (isprint);
 ^
/usr/include/ctype.h:117:1: error: expected initializer before ‘__THROW’
 __exctype (ispunct);
 ^
/usr/include/ctype.h:118:1: error: expected initializer before ‘__THROW’
 __exctype (isspace);
 ^
/usr/include/ctype.h:119:1: error: expected initializer before ‘__THROW’
 __exctype (isupper);
 ^
/usr/include/ctype.h:120:1: error: expected initializer before ‘__THROW’
 __exctype (isxdigit);
 ^
/usr/include/ctype.h:124:30: error: expected initializer before ‘__THROW’
 extern int tolower (int __c) __THROW;
                              ^~~~~~~
/usr/include/ctype.h:127:30: error: expected initializer before ‘__THROW’
 extern int toupper (int __c) __THROW;
                              ^~~~~~~
/usr/include/ctype.h:129:1: error: ‘__END_NAMESPACE_STD’ does not name a type
 __END_NAMESPACE_STD
 ^~~~~~~~~~~~~~~~~~~
/usr/include/ctype.h:138:1: error: ‘__END_NAMESPACE_C99’ does not name a type
 __END_NAMESPACE_C99
 ^~~~~~~~~~~~~~~~~~~
/usr/include/ctype.h:150:30: error: expected initializer before ‘__THROW’
 extern int isascii (int __c) __THROW;
                              ^~~~~~~
/usr/include/ctype.h:154:30: error: expected initializer before ‘__THROW’
 extern int toascii (int __c) __THROW;
                              ^~~~~~~
/usr/include/ctype.h:158:1: error: expected initializer before ‘__THROW’
 __exctype (_toupper);
 ^
/usr/include/ctype.h:159:1: error: expected initializer before ‘__THROW’
 __exctype (_tolower);
 ^
/usr/include/ctype.h:271:1: error: expected initializer before ‘__THROW’
 __exctype_l (isalnum_l);
 ^
/usr/include/ctype.h:272:1: error: expected initializer before ‘__THROW’
 __exctype_l (isalpha_l);
 ^
/usr/include/ctype.h:273:1: error: expected initializer before ‘__THROW’
 __exctype_l (iscntrl_l);
 ^
/usr/include/ctype.h:274:1: error: expected initializer before ‘__THROW’
 __exctype_l (isdigit_l);
 ^
/usr/include/ctype.h:275:1: error: expected initializer before ‘__THROW’
 __exctype_l (islower_l);
 ^
/usr/include/ctype.h:276:1: error: expected initializer before ‘__THROW’
 __exctype_l (isgraph_l);
 ^
/usr/include/ctype.h:277:1: error: expected initializer before ‘__THROW’
 __exctype_l (isprint_l);
 ^
/usr/include/ctype.h:278:1: error: expected initializer before ‘__THROW’
 __exctype_l (ispunct_l);
 ^
/usr/include/ctype.h:279:1: error: expected initializer before ‘__THROW’
 __exctype_l (isspace_l);
 ^
/usr/include/ctype.h:280:1: error: expected initializer before ‘__THROW’
 __exctype_l (isupper_l);
 ^
/usr/include/ctype.h:281:1: error: expected initializer before ‘__THROW’
 __exctype_l (isxdigit_l);
 ^
/usr/include/ctype.h:283:1: error: expected initializer before ‘__THROW’
 __exctype_l (isblank_l);
 ^
/usr/include/ctype.h:287:50: error: expected initializer before ‘__THROW’
 extern int __tolower_l (int __c, __locale_t __l) __THROW;
                                                  ^~~~~~~
/usr/include/ctype.h:288:48: error: expected initializer before ‘__THROW’
 extern int tolower_l (int __c, __locale_t __l) __THROW;
                                                ^~~~~~~
/usr/include/ctype.h:291:50: error: expected initializer before ‘__THROW’
 extern int __toupper_l (int __c, __locale_t __l) __THROW;
                                                  ^~~~~~~
/usr/include/ctype.h:292:48: error: expected initializer before ‘__THROW’
 extern int toupper_l (int __c, __locale_t __l) __THROW;
                                                ^~~~~~~
/usr/include/ctype.h:347:1: error: ‘__END_DECLS’ does not name a type
 __END_DECLS
 ^~~~~~~~~~~
In file included from /usr/include/c++/6/bits/localefwd.h:42:0,
                 from /usr/include/c++/6/ios:41,
                 from /usr/include/c++/6/ostream:38,
                 from /usr/include/c++/6/iostream:39,
                 from lib/sources/../headers/assembler.hpp:4,
                 from lib/sources/assembler.cpp:1:
/usr/include/c++/6/cctype:87:11: error: ‘::isblank’ has not been declared
   using ::isblank;
           ^~~~~~~
In file included from /usr/include/c++/6/ios:41:0,
                 from /usr/include/c++/6/ostream:38,
                 from /usr/include/c++/6/iostream:39,
                 from lib/sources/../headers/assembler.hpp:4,
                 from lib/sources/assembler.cpp:1:
/usr/include/c++/6/bits/localefwd.h:139:40: error: ‘mbstate_t’ was not declared in this scope
   template<> class codecvt<char, char, mbstate_t>;
                                        ^~~~~~~~~
/usr/include/c++/6/bits/localefwd.h:139:49: error: template argument 3 is invalid
   template<> class codecvt<char, char, mbstate_t>;
                                                 ^
/usr/include/c++/6/bits/localefwd.h:141:43: error: ‘mbstate_t’ was not declared in this scope
   template<> class codecvt<wchar_t, char, mbstate_t>;
                                           ^~~~~~~~~
/usr/include/c++/6/bits/localefwd.h:141:52: error: template argument 3 is invalid
   template<> class codecvt<wchar_t, char, mbstate_t>;
                                                    ^
In file included from /usr/include/sched.h:34:0,
                 from /usr/include/pthread.h:23,
                 from /usr/include/x86_64-linux-gnu/c++/6/bits/gthr-default.h:35,
                 from /usr/include/x86_64-linux-gnu/c++/6/bits/gthr.h:148,
                 from /usr/include/c++/6/ext/atomicity.h:35,
                 from /usr/include/c++/6/bits/ios_base.h:39,
                 from /usr/include/c++/6/ios:42,
                 from /usr/include/c++/6/ostream:38,
                 from /usr/include/c++/6/iostream:39,
                 from lib/sources/../headers/assembler.hpp:4,
                 from lib/sources/assembler.cpp:1:
/usr/include/time.h:73:1: error: ‘__BEGIN_NAMESPACE_STD’ does not name a type
 __BEGIN_NAMESPACE_STD
 ^~~~~~~~~~~~~~~~~~~~~
/usr/include/time.h:76:1: error: ‘__END_NAMESPACE_STD’ does not name a type
 __END_NAMESPACE_STD
 ^~~~~~~~~~~~~~~~~~~
In file included from /usr/include/sched.h:43:0,
                 from /usr/include/pthread.h:23,
                 from /usr/include/x86_64-linux-gnu/c++/6/bits/gthr-default.h:35,
                 from /usr/include/x86_64-linux-gnu/c++/6/bits/gthr.h:148,
                 from /usr/include/c++/6/ext/atomicity.h:35,
                 from /usr/include/c++/6/bits/ios_base.h:39,
                 from /usr/include/c++/6/ios:42,
                 from /usr/include/c++/6/ostream:38,
                 from /usr/include/c++/6/iostream:39,
                 from lib/sources/../headers/assembler.hpp:4,
                 from lib/sources/assembler.cpp:1:
/usr/include/x86_64-linux-gnu/bits/sched.h:78:1: error: ‘__BEGIN_DECLS’ does not name a type
 __BEGIN_DECLS
 ^~~~~~~~~~~~~
/usr/include/x86_64-linux-gnu/bits/sched.h:86:34: error: expected initializer before ‘__THROW’
 extern int unshare (int __flags) __THROW;
                                  ^~~~~~~
/usr/include/x86_64-linux-gnu/bits/sched.h:89:32: error: expected initializer before ‘__THROW’
 extern int sched_getcpu (void) __THROW;
                                ^~~~~~~
/usr/include/x86_64-linux-gnu/bits/sched.h:92:43: error: expected initializer before ‘__THROW’
 extern int setns (int __fd, int __nstype) __THROW;
                                           ^~~~~~~
/usr/include/x86_64-linux-gnu/bits/sched.h:96:1: error: ‘__END_DECLS’ does not name a type
 __END_DECLS
 ^~~~~~~~~~~
/usr/include/x86_64-linux-gnu/bits/sched.h:202:1: error: ‘__BEGIN_DECLS’ does not name a type
 __BEGIN_DECLS
 ^~~~~~~~~~~~~
/usr/include/x86_64-linux-gnu/bits/sched.h:206:53: error: expected initializer before ‘__THROW’
 extern cpu_set_t *__sched_cpualloc (size_t __count) __THROW __wur;
                                                     ^~~~~~~
/usr/include/x86_64-linux-gnu/bits/sched.h:207:48: error: expected initializer before ‘__THROW’
 extern void __sched_cpufree (cpu_set_t *__set) __THROW;
                                                ^~~~~~~
/usr/include/x86_64-linux-gnu/bits/sched.h:209:1: error: ‘__END_DECLS’ does not name a type
 __END_DECLS
 ^~~~~~~~~~~
In file included from /usr/include/pthread.h:23:0,
                 from /usr/include/x86_64-linux-gnu/c++/6/bits/gthr-default.h:35,
                 from /usr/include/x86_64-linux-gnu/c++/6/bits/gthr.h:148,
                 from /usr/include/c++/6/ext/atomicity.h:35,
                 from /usr/include/c++/6/bits/ios_base.h:39,
                 from /usr/include/c++/6/ios:42,
                 from /usr/include/c++/6/ostream:38,
                 from /usr/include/c++/6/iostream:39,
                 from lib/sources/../headers/assembler.hpp:4,
                 from lib/sources/assembler.cpp:1:
/usr/include/sched.h:55:72: error: expected initializer before ‘__THROW’
 extern int sched_getparam (__pid_t __pid, struct sched_param *__param) __THROW;
                                                                        ^~~~~~~
/usr/include/sched.h:59:46: error: expected initializer before ‘__THROW’
           const struct sched_param *__param) __THROW;
                                              ^~~~~~~
/usr/include/sched.h:62:47: error: expected initializer before ‘__THROW’
 extern int sched_getscheduler (__pid_t __pid) __THROW;
                                               ^~~~~~~
/usr/include/sched.h:65:31: error: expected initializer before ‘__THROW’
 extern int sched_yield (void) __THROW;
                               ^~~~~~~
/usr/include/sched.h:68:53: error: expected initializer before ‘__THROW’
 extern int sched_get_priority_max (int __algorithm) __THROW;
                                                     ^~~~~~~
/usr/include/sched.h:71:53: error: expected initializer before ‘__THROW’
 extern int sched_get_priority_min (int __algorithm) __THROW;
                                                     ^~~~~~~
/usr/include/sched.h:74:72: error: expected initializer before ‘__THROW’
 extern int sched_rr_get_interval (__pid_t __pid, struct timespec *__t) __THROW;
                                                                        ^~~~~~~
/usr/include/sched.h:119:37: error: expected initializer before ‘__THROW’
          const cpu_set_t *__cpuset) __THROW;
                                     ^~~~~~~
/usr/include/sched.h:123:31: error: expected initializer before ‘__THROW’
          cpu_set_t *__cpuset) __THROW;
                               ^~~~~~~
/usr/include/sched.h:126:1: error: ‘__END_DECLS’ does not name a type
 __END_DECLS
 ^~~~~~~~~~~
In file included from /usr/include/x86_64-linux-gnu/bits/time.h:88:0,
                 from /usr/include/time.h:41,
                 from /usr/include/pthread.h:24,
                 from /usr/include/x86_64-linux-gnu/c++/6/bits/gthr-default.h:35,
                 from /usr/include/x86_64-linux-gnu/c++/6/bits/gthr.h:148,
                 from /usr/include/c++/6/ext/atomicity.h:35,
                 from /usr/include/c++/6/bits/ios_base.h:39,
                 from /usr/include/c++/6/ios:42,
                 from /usr/include/c++/6/ostream:38,
                 from /usr/include/c++/6/iostream:39,
                 from lib/sources/../headers/assembler.hpp:4,
                 from lib/sources/assembler.cpp:1:
/usr/include/x86_64-linux-gnu/bits/timex.h:36:18: error: field ‘time’ has incomplete type ‘timeval’
   struct timeval time;  /* (read only, except for ADJ_SETOFFSET) */
                  ^~~~
/usr/include/x86_64-linux-gnu/bits/timex.h:36:10: note: forward declaration of ‘struct timeval’
   struct timeval time;  /* (read only, except for ADJ_SETOFFSET) */
          ^~~~~~~
In file included from /usr/include/time.h:41:0,
                 from /usr/include/pthread.h:24,
                 from /usr/include/x86_64-linux-gnu/c++/6/bits/gthr-default.h:35,
                 from /usr/include/x86_64-linux-gnu/c++/6/bits/gthr.h:148,
                 from /usr/include/c++/6/ext/atomicity.h:35,
                 from /usr/include/c++/6/bits/ios_base.h:39,
                 from /usr/include/c++/6/ios:42,
                 from /usr/include/c++/6/ostream:38,
                 from /usr/include/c++/6/iostream:39,
                 from lib/sources/../headers/assembler.hpp:4,
                 from lib/sources/assembler.cpp:1:
/usr/include/x86_64-linux-gnu/bits/time.h:90:1: error: ‘__BEGIN_DECLS’ does not name a type
 __BEGIN_DECLS
 ^~~~~~~~~~~~~
/usr/include/x86_64-linux-gnu/bits/time.h:95:1: error: ‘__END_DECLS’ does not name a type
 __END_DECLS
 ^~~~~~~~~~~
In file included from /usr/include/pthread.h:24:0,
                 from /usr/include/x86_64-linux-gnu/c++/6/bits/gthr-default.h:35,
                 from /usr/include/x86_64-linux-gnu/c++/6/bits/gthr.h:148,
                 from /usr/include/c++/6/ext/atomicity.h:35,
                 from /usr/include/c++/6/bits/ios_base.h:39,
                 from /usr/include/c++/6/ios:42,
                 from /usr/include/c++/6/ostream:38,
                 from /usr/include/c++/6/iostream:39,
                 from lib/sources/../headers/assembler.hpp:4,
                 from lib/sources/assembler.cpp:1:
/usr/include/time.h:60:1: error: ‘__END_NAMESPACE_STD’ does not name a type
 __END_NAMESPACE_STD
 ^~~~~~~~~~~~~~~~~~~
/usr/include/time.h:131:1: error: ‘__BEGIN_NAMESPACE_STD’ does not name a type
 __BEGIN_NAMESPACE_STD
 ^~~~~~~~~~~~~~~~~~~~~
/usr/include/time.h:153:1: error: ‘__END_NAMESPACE_STD’ does not name a type
 __END_NAMESPACE_STD
 ^~~~~~~~~~~~~~~~~~~
/usr/include/time.h:186:1: error: ‘__BEGIN_NAMESPACE_STD’ does not name a type
 __BEGIN_NAMESPACE_STD
 ^~~~~~~~~~~~~~~~~~~~~
/usr/include/time.h:192:8: error: ‘time_t’ does not name a type
 extern time_t time (time_t *__timer) __THROW;
        ^~~~~~
/usr/include/time.h:195:25: error: ‘time_t’ was not declared in this scope
 extern double difftime (time_t __time1, time_t __time0)
                         ^~~~~~
/usr/include/time.h:195:41: error: ‘time_t’ was not declared in this scope
 extern double difftime (time_t __time1, time_t __time0)
                                         ^~~~~~
/usr/include/time.h:195:55: error: expression list treated as compound expression in initializer [-fpermissive]
 extern double difftime (time_t __time1, time_t __time0)
                                                       ^
/usr/include/time.h:199:8: error: ‘time_t’ does not name a type
 extern time_t mktime (struct tm *__tp) __THROW;
        ^~~~~~
/usr/include/time.h:207:38: error: expected initializer before ‘__THROW’
    const struct tm *__restrict __tp) __THROW;
                                      ^~~~~~~
/usr/include/time.h:208:1: error: ‘__END_NAMESPACE_STD’ does not name a type
 __END_NAMESPACE_STD
 ^~~~~~~~~~~~~~~~~~~
/usr/include/time.h:226:24: error: expected initializer before ‘__THROW’
      __locale_t __loc) __THROW;
                        ^~~~~~~
/usr/include/time.h:232:23: error: expected initializer before ‘__THROW’
     __locale_t __loc) __THROW;
                       ^~~~~~~
/usr/include/time.h:236:1: error: ‘__BEGIN_NAMESPACE_STD’ does not name a type
 __BEGIN_NAMESPACE_STD
 ^~~~~~~~~~~~~~~~~~~~~
/usr/include/time.h:243:36: error: ‘time_t’ does not name a type
 extern struct tm *localtime (const time_t *__timer) __THROW;
                                    ^~~~~~
/usr/include/time.h:243:53: error: expected initializer before ‘__THROW’
 extern struct tm *localtime (const time_t *__timer) __THROW;
                                                     ^~~~~~~
/usr/include/time.h:244:1: error: ‘__END_NAMESPACE_STD’ does not name a type
 __END_NAMESPACE_STD
 ^~~~~~~~~~~~~~~~~~~
/usr/include/time.h:254:38: error: ‘time_t’ does not name a type
 extern struct tm *localtime_r (const time_t *__restrict __timer,
                                      ^~~~~~
/usr/include/time.h:255:39: error: expected initializer before ‘__THROW’
           struct tm *__restrict __tp) __THROW;
                                       ^~~~~~~
/usr/include/time.h:258:1: error: ‘__BEGIN_NAMESPACE_STD’ does not name a type
 __BEGIN_NAMESPACE_STD
 ^~~~~~~~~~~~~~~~~~~~~
/usr/include/time.h:264:27: error: ‘time_t’ does not name a type
 extern char *ctime (const time_t *__timer) __THROW;
                           ^~~~~~
/usr/include/time.h:264:44: error: expected initializer before ‘__THROW’
 extern char *ctime (const time_t *__timer) __THROW;
                                            ^~~~~~~
/usr/include/time.h:265:1: error: ‘__END_NAMESPACE_STD’ does not name a type
 __END_NAMESPACE_STD
 ^~~~~~~~~~~~~~~~~~~
/usr/include/time.h:276:29: error: ‘time_t’ does not name a type
 extern char *ctime_r (const time_t *__restrict __timer,
                             ^~~~~~
/usr/include/time.h:277:33: error: expected initializer before ‘__THROW’
         char *__restrict __buf) __THROW;
                                 ^~~~~~~
/usr/include/time.h:293:26: error: expected initializer before ‘__THROW’
 extern void tzset (void) __THROW;
                          ^~~~~~~
/usr/include/time.h:304:25: error: ‘time_t’ does not name a type
 extern int stime (const time_t *__when) __THROW;
                         ^~~~~~
/usr/include/time.h:304:41: error: expected initializer before ‘__THROW’
 extern int stime (const time_t *__when) __THROW;
                                         ^~~~~~~
/usr/include/time.h:319:8: error: ‘time_t’ does not name a type
 extern time_t timegm (struct tm *__tp) __THROW;
        ^~~~~~
/usr/include/time.h:322:8: error: ‘time_t’ does not name a type
 extern time_t timelocal (struct tm *__tp) __THROW;
        ^~~~~~
/usr/include/time.h:325:32: error: expected initializer before ‘__THROW’
 extern int dysize (int __year) __THROW  __attribute__ ((__const__));
                                ^~~~~~~
/usr/include/time.h:339:26: error: ‘clockid_t’ was not declared in this scope
 extern int clock_getres (clockid_t __clock_id, struct timespec *__res) __THROW;
                          ^~~~~~~~~
/usr/include/time.h:339:48: error: expected primary-expression before ‘struct’
 extern int clock_getres (clockid_t __clock_id, struct timespec *__res) __THROW;
                                                ^~~~~~
/usr/include/time.h:339:70: error: expression list treated as compound expression in initializer [-fpermissive]
 extern int clock_getres (clockid_t __clock_id, struct timespec *__res) __THROW;
                                                                      ^
/usr/include/time.h:342:27: error: ‘clockid_t’ was not declared in this scope
 extern int clock_gettime (clockid_t __clock_id, struct timespec *__tp) __THROW;
                           ^~~~~~~~~
/usr/include/time.h:342:49: error: expected primary-expression before ‘struct’
 extern int clock_gettime (clockid_t __clock_id, struct timespec *__tp) __THROW;
                                                 ^~~~~~
/usr/include/time.h:342:70: error: expression list treated as compound expression in initializer [-fpermissive]
 extern int clock_gettime (clockid_t __clock_id, struct timespec *__tp) __THROW;
                                                                      ^
/usr/include/time.h:345:27: error: ‘clockid_t’ was not declared in this scope
 extern int clock_settime (clockid_t __clock_id, const struct timespec *__tp)
                           ^~~~~~~~~
/usr/include/time.h:345:49: error: expected primary-expression before ‘const’
 extern int clock_settime (clockid_t __clock_id, const struct timespec *__tp)
                                                 ^~~~~
/usr/include/time.h:345:76: error: expression list treated as compound expression in initializer [-fpermissive]
 extern int clock_settime (clockid_t __clock_id, const struct timespec *__tp)
                                                                            ^
/usr/include/time.h:353:29: error: ‘clockid_t’ was not declared in this scope
 extern int clock_nanosleep (clockid_t __clock_id, int __flags,
                             ^~~~~~~~~
/usr/include/time.h:353:51: error: expected primary-expression before ‘int’
 extern int clock_nanosleep (clockid_t __clock_id, int __flags,
                                                   ^~~
/usr/include/time.h:354:8: error: expected primary-expression before ‘const’
        const struct timespec *__req,
        ^~~~~
/usr/include/time.h:355:8: error: expected primary-expression before ‘struct’
        struct timespec *__rem);
        ^~~~~~
/usr/include/time.h:355:30: error: expression list treated as compound expression in initializer [-fpermissive]
        struct timespec *__rem);
                              ^
/usr/include/time.h:358:46: error: ‘clockid_t’ has not been declared
 extern int clock_getcpuclockid (pid_t __pid, clockid_t *__clock_id) __THROW;
                                              ^~~~~~~~~
/usr/include/time.h:358:69: error: expected initializer before ‘__THROW’
 extern int clock_getcpuclockid (pid_t __pid, clockid_t *__clock_id) __THROW;
                                                                     ^~~~~~~
/usr/include/time.h:363:26: error: ‘clockid_t’ was not declared in this scope
 extern int timer_create (clockid_t __clock_id,
                          ^~~~~~~~~
/usr/include/time.h:364:5: error: expected primary-expression before ‘struct’
     struct sigevent *__restrict __evp,
     ^~~~~~
/usr/include/time.h:365:13: error: expected primary-expression before ‘*’ token
     timer_t *__restrict __timerid) __THROW;
             ^
/usr/include/time.h:365:14: error: expected primary-expression before ‘__restrict’
     timer_t *__restrict __timerid) __THROW;
              ^~~~~~~~~~
/usr/include/time.h:365:34: error: expression list treated as compound expression in initializer [-fpermissive]
     timer_t *__restrict __timerid) __THROW;
                                  ^
/usr/include/time.h:368:45: error: expected initializer before ‘__THROW’
 extern int timer_delete (timer_t __timerid) __THROW;
                                             ^~~~~~~
/usr/include/time.h:373:46: error: expected initializer before ‘__THROW’
      struct itimerspec *__restrict __ovalue) __THROW;
                                              ^~~~~~~
/usr/include/time.h:377:6: error: expected initializer before ‘__THROW’
      __THROW;
      ^~~~~~~
/usr/include/time.h:380:49: error: expected initializer before ‘__THROW’
 extern int timer_getoverrun (timer_t __timerid) __THROW;
                                                 ^~~~~~~
/usr/include/time.h:387:6: error: expected initializer before ‘__THROW’
      __THROW __nonnull ((1));
      ^~~~~~~
/usr/include/time.h:430:1: error: ‘__END_DECLS’ does not name a type
 __END_DECLS
 ^~~~~~~~~~~
In file included from /usr/include/x86_64-linux-gnu/c++/6/bits/gthr-default.h:35:0,
                 from /usr/include/x86_64-linux-gnu/c++/6/bits/gthr.h:148,
                 from /usr/include/c++/6/ext/atomicity.h:35,
                 from /usr/include/c++/6/bits/ios_base.h:39,
                 from /usr/include/c++/6/ios:42,
                 from /usr/include/c++/6/ostream:38,
                 from /usr/include/c++/6/iostream:39,
                 from lib/sources/../headers/assembler.hpp:4,
                 from lib/sources/assembler.cpp:1:
/usr/include/pthread.h:228:1: error: ‘__BEGIN_DECLS’ does not name a type
 __BEGIN_DECLS
 ^~~~~~~~~~~~~
/usr/include/pthread.h:250:26: error: ‘pthread_t’ was not declared in this scope
 extern int pthread_join (pthread_t __th, void **__thread_return);
                          ^~~~~~~~~
/usr/include/pthread.h:250:42: error: expected primary-expression before ‘void’
 extern int pthread_join (pthread_t __th, void **__thread_return);
                                          ^~~~
/usr/include/pthread.h:250:64: error: expression list treated as compound expression in initializer [-fpermissive]
 extern int pthread_join (pthread_t __th, void **__thread_return);
                                                                ^
/usr/include/pthread.h:255:32: error: ‘pthread_t’ was not declared in this scope
 extern int pthread_tryjoin_np (pthread_t __th, void **__thread_return) __THROW;
                                ^~~~~~~~~
/usr/include/pthread.h:255:48: error: expected primary-expression before ‘void’
 extern int pthread_tryjoin_np (pthread_t __th, void **__thread_return) __THROW;
                                                ^~~~
/usr/include/pthread.h:255:70: error: expression list treated as compound expression in initializer [-fpermissive]
 extern int pthread_tryjoin_np (pthread_t __th, void **__thread_return) __THROW;
                                                                      ^
/usr/include/pthread.h:263:34: error: ‘pthread_t’ was not declared in this scope
 extern int pthread_timedjoin_np (pthread_t __th, void **__thread_return,
                                  ^~~~~~~~~
/usr/include/pthread.h:263:50: error: expected primary-expression before ‘void’
 extern int pthread_timedjoin_np (pthread_t __th, void **__thread_return,
                                                  ^~~~
/usr/include/pthread.h:264:6: error: expected primary-expression before ‘const’
      const struct timespec *__abstime);
      ^~~~~
/usr/include/pthread.h:264:38: error: expression list treated as compound expression in initializer [-fpermissive]
      const struct timespec *__abstime);
                                      ^
/usr/include/pthread.h:271:28: error: ‘pthread_t’ was not declared in this scope
 extern int pthread_detach (pthread_t __th) __THROW;
                            ^~~~~~~~~
/usr/include/pthread.h:275:8: error: ‘pthread_t’ does not name a type
 extern pthread_t pthread_self (void) __THROW __attribute__ ((__const__));
        ^~~~~~~~~
/usr/include/pthread.h:278:27: error: ‘pthread_t’ was not declared in this scope
 extern int pthread_equal (pthread_t __thread1, pthread_t __thread2)
                           ^~~~~~~~~
/usr/include/pthread.h:278:48: error: ‘pthread_t’ was not declared in this scope
 extern int pthread_equal (pthread_t __thread1, pthread_t __thread2)
                                                ^~~~~~~~~
/usr/include/pthread.h:278:67: error: expression list treated as compound expression in initializer [-fpermissive]
 extern int pthread_equal (pthread_t __thread1, pthread_t __thread2)
                                                                   ^
/usr/include/pthread.h:287:55: error: expected initializer before ‘__THROW’
 extern int pthread_attr_init (pthread_attr_t *__attr) __THROW __nonnull ((1));
                                                       ^~~~~~~
/usr/include/pthread.h:291:6: error: expected initializer before ‘__THROW’
      __THROW __nonnull ((1));
      ^~~~~~~
/usr/include/pthread.h:296:6: error: expected initializer before ‘__THROW’
      __THROW __nonnull ((1, 2));
      ^~~~~~~
/usr/include/pthread.h:301:6: error: expected initializer before ‘__THROW’
      __THROW __nonnull ((1));
      ^~~~~~~
/usr/include/pthread.h:307:6: error: expected initializer before ‘__THROW’
      __THROW __nonnull ((1, 2));
      ^~~~~~~
/usr/include/pthread.h:312:6: error: expected initializer before ‘__THROW’
      __THROW __nonnull ((1));
      ^~~~~~~
/usr/include/pthread.h:318:6: error: expected initializer before ‘__THROW’
      __THROW __nonnull ((1, 2));
      ^~~~~~~
/usr/include/pthread.h:323:21: error: expected initializer before ‘__THROW’
            __param) __THROW __nonnull ((1, 2));
                     ^~~~~~~
/usr/include/pthread.h:328:6: error: expected initializer before ‘__THROW’
      __THROW __nonnull ((1, 2));
      ^~~~~~~
/usr/include/pthread.h:332:6: error: expected initializer before ‘__THROW’
      __THROW __nonnull ((1));
      ^~~~~~~
/usr/include/pthread.h:337:6: error: expected initializer before ‘__THROW’
      __THROW __nonnull ((1, 2));
      ^~~~~~~
/usr/include/pthread.h:342:6: error: expected initializer before ‘__THROW’
      __THROW __nonnull ((1));
      ^~~~~~~
/usr/include/pthread.h:348:6: error: expected initializer before ‘__THROW’
      __THROW __nonnull ((1, 2));
      ^~~~~~~
/usr/include/pthread.h:352:6: error: expected initializer before ‘__THROW’
      __THROW __nonnull ((1));
      ^~~~~~~
/usr/include/pthread.h:357:6: error: expected initializer before ‘__THROW’
      __THROW __nonnull ((1, 2)) __attribute_deprecated__;
      ^~~~~~~
/usr/include/pthread.h:365:6: error: expected initializer before ‘__THROW’
      __THROW __nonnull ((1)) __attribute_deprecated__;
      ^~~~~~~
/usr/include/pthread.h:370:6: error: expected initializer before ‘__THROW’
      __THROW __nonnull ((1, 2));
      ^~~~~~~
/usr/include/pthread.h:377:6: error: expected initializer before ‘__THROW’
      __THROW __nonnull ((1));
      ^~~~~~~
/usr/include/pthread.h:384:6: error: expected initializer before ‘__THROW’
      __THROW __nonnull ((1, 2, 3));
      ^~~~~~~
/usr/include/pthread.h:390:27: error: expected initializer before ‘__THROW’
       size_t __stacksize) __THROW __nonnull ((1));
                           ^~~~~~~
/usr/include/pthread.h:399:6: error: expected initializer before ‘__THROW’
      __THROW __nonnull ((1, 3));
      ^~~~~~~
/usr/include/pthread.h:406:6: error: expected initializer before ‘__THROW’
      __THROW __nonnull ((1, 3));
      ^~~~~~~
/usr/include/pthread.h:410:6: error: expected initializer before ‘__THROW’
      __THROW __nonnull ((1));
      ^~~~~~~
/usr/include/pthread.h:415:6: error: expected initializer before ‘__THROW’
      __THROW __nonnull ((1));
      ^~~~~~~
/usr/include/pthread.h:420:32: error: ‘pthread_t’ was not declared in this scope
 extern int pthread_getattr_np (pthread_t __th, pthread_attr_t *__attr)
                                ^~~~~~~~~
/usr/include/pthread.h:420:63: error: expected primary-expression before ‘*’ token
 extern int pthread_getattr_np (pthread_t __th, pthread_attr_t *__attr)
                                                               ^
/usr/include/pthread.h:420:64: error: ‘__attr’ was not declared in this scope
 extern int pthread_getattr_np (pthread_t __th, pthread_attr_t *__attr)
                                                                ^~~~~~
/usr/include/pthread.h:420:70: error: expression list treated as compound expression in initializer [-fpermissive]
 extern int pthread_getattr_np (pthread_t __th, pthread_attr_t *__attr)
                                                                      ^
/usr/include/pthread.h:429:35: error: ‘pthread_t’ was not declared in this scope
 extern int pthread_setschedparam (pthread_t __target_thread, int __policy,
                                   ^~~~~~~~~
/usr/include/pthread.h:429:62: error: expected primary-expression before ‘int’
 extern int pthread_setschedparam (pthread_t __target_thread, int __policy,
                                                              ^~~
/usr/include/pthread.h:430:7: error: expected primary-expression before ‘const’
       const struct sched_param *__param)
       ^~~~~
/usr/include/pthread.h:430:40: error: expression list treated as compound expression in initializer [-fpermissive]
       const struct sched_param *__param)
                                        ^
/usr/include/pthread.h:434:35: error: ‘pthread_t’ was not declared in this scope
 extern int pthread_getschedparam (pthread_t __target_thread,
                                   ^~~~~~~~~
/usr/include/pthread.h:435:7: error: expected primary-expression before ‘int’
       int *__restrict __policy,
       ^~~
/usr/include/pthread.h:436:7: error: expected primary-expression before ‘struct’
       struct sched_param *__restrict __param)
       ^~~~~~
/usr/include/pthread.h:436:45: error: expression list treated as compound expression in initializer [-fpermissive]
       struct sched_param *__restrict __param)
                                             ^
/usr/include/pthread.h:440:34: error: ‘pthread_t’ was not declared in this scope
 extern int pthread_setschedprio (pthread_t __target_thread, int __prio)
                                  ^~~~~~~~~
/usr/include/pthread.h:440:61: error: expected primary-expression before ‘int’
 extern int pthread_setschedprio (pthread_t __target_thread, int __prio)
                                                             ^~~
/usr/include/pthread.h:440:71: error: expression list treated as compound expression in initializer [-fpermissive]
 extern int pthread_setschedprio (pthread_t __target_thread, int __prio)
                                                                       ^
/usr/include/pthread.h:446:32: error: ‘pthread_t’ was not declared in this scope
 extern int pthread_getname_np (pthread_t __target_thread, char *__buf,
                                ^~~~~~~~~
/usr/include/pthread.h:446:59: error: expected primary-expression before ‘char’
 extern int pthread_getname_np (pthread_t __target_thread, char *__buf,
                                                           ^~~~
/usr/include/pthread.h:447:18: error: expected primary-expression before ‘__buflen’
           size_t __buflen)
                  ^~~~~~~~
/usr/include/pthread.h:447:26: error: expression list treated as compound expression in initializer [-fpermissive]
           size_t __buflen)
                          ^
/usr/include/pthread.h:451:32: error: ‘pthread_t’ was not declared in this scope
 extern int pthread_setname_np (pthread_t __target_thread, const char *__name)
                                ^~~~~~~~~
/usr/include/pthread.h:451:59: error: expected primary-expression before ‘const’
 extern int pthread_setname_np (pthread_t __target_thread, const char *__name)
                                                           ^~~~~
/usr/include/pthread.h:451:77: error: expression list treated as compound expression in initializer [-fpermissive]
 extern int pthread_setname_np (pthread_t __target_thread, const char *__name)
                                                                             ^
/usr/include/pthread.h:458:42: error: expected initializer before ‘__THROW’
 extern int pthread_getconcurrency (void) __THROW;
                                          ^~~~~~~
/usr/include/pthread.h:461:49: error: expected initializer before ‘__THROW’
 extern int pthread_setconcurrency (int __level) __THROW;
                                                 ^~~~~~~
/usr/include/pthread.h:469:33: error: expected initializer before ‘__THROW’
 extern int pthread_yield (void) __THROW;
                                 ^~~~~~~
/usr/include/pthread.h:474:36: error: ‘pthread_t’ was not declared in this scope
 extern int pthread_setaffinity_np (pthread_t __th, size_t __cpusetsize,
                                    ^~~~~~~~~
/usr/include/pthread.h:474:59: error: expected primary-expression before ‘__cpusetsize’
 extern int pthread_setaffinity_np (pthread_t __th, size_t __cpusetsize,
                                                           ^~~~~~~~~~~~
/usr/include/pthread.h:475:8: error: expected primary-expression before ‘const’
        const cpu_set_t *__cpuset)
        ^~~~~
/usr/include/pthread.h:475:33: error: expression list treated as compound expression in initializer [-fpermissive]
        const cpu_set_t *__cpuset)
                                 ^
/usr/include/pthread.h:479:36: error: ‘pthread_t’ was not declared in this scope
 extern int pthread_getaffinity_np (pthread_t __th, size_t __cpusetsize,
                                    ^~~~~~~~~
/usr/include/pthread.h:479:59: error: expected primary-expression before ‘__cpusetsize’
 extern int pthread_getaffinity_np (pthread_t __th, size_t __cpusetsize,
                                                           ^~~~~~~~~~~~
/usr/include/pthread.h:480:18: error: expected primary-expression before ‘*’ token
        cpu_set_t *__cpuset)
                  ^
/usr/include/pthread.h:480:19: error: ‘__cpuset’ was not declared in this scope
        cpu_set_t *__cpuset)
                   ^~~~~~~~
/usr/include/pthread.h:480:27: error: expression list treated as compound expression in initializer [-fpermissive]
        cpu_set_t *__cpuset)
                           ^
/usr/include/pthread.h:495:36: error: expected initializer before ‘__nonnull’
     void (*__init_routine) (void)) __nonnull ((1, 2));
                                    ^~~~~~~~~
/usr/include/pthread.h:513:28: error: ‘pthread_t’ was not declared in this scope
 extern int pthread_cancel (pthread_t __th);
                            ^~~~~~~~~
/usr/include/pthread.h:743:70: error: expected initializer before ‘__THROWNL’
 extern int __sigsetjmp (struct __jmp_buf_tag *__env, int __savemask) __THROWNL;
                                                                      ^~~~~~~~~
/usr/include/pthread.h:751:6: error: expected initializer before ‘__THROW’
      __THROW __nonnull ((1));
      ^~~~~~~
/usr/include/pthread.h:755:6: error: expected initializer before ‘__THROW’
      __THROW __nonnull ((1));
      ^~~~~~~
/usr/include/pthread.h:759:6: error: expected initializer before ‘__THROWNL’
      __THROWNL __nonnull ((1));
      ^~~~~~~~~
/usr/include/pthread.h:763:6: error: expected initializer before ‘__THROWNL’
      __THROWNL __nonnull ((1));
      ^~~~~~~~~
/usr/include/pthread.h:769:20: error: expected initializer before ‘__THROWNL’
         __abstime) __THROWNL __nonnull ((1, 2));
                    ^~~~~~~~~
/usr/include/pthread.h:774:6: error: expected initializer before ‘__THROWNL’
      __THROWNL __nonnull ((1));
      ^~~~~~~~~
/usr/include/pthread.h:781:6: error: expected initializer before ‘__THROW’
      __THROW __nonnull ((1, 2));
      ^~~~~~~
/usr/include/pthread.h:788:6: error: expected initializer before ‘__THROW’
      __THROW __nonnull ((1, 3));
      ^~~~~~~
/usr/include/pthread.h:794:6: error: expected initializer before ‘__THROW’
      __THROW __nonnull ((1));
      ^~~~~~~
/usr/include/pthread.h:797:6: error: expected initializer before ‘__THROW’
      __THROW __nonnull ((1));
      ^~~~~~~
/usr/include/pthread.h:807:6: error: expected initializer before ‘__THROW’
      __THROW __nonnull ((1));
      ^~~~~~~
/usr/include/pthread.h:811:6: error: expected initializer before ‘__THROW’
      __THROW __nonnull ((1));
      ^~~~~~~
/usr/include/pthread.h:817:6: error: expected initializer before ‘__THROW’
      __THROW __nonnull ((1, 2));
      ^~~~~~~
/usr/include/pthread.h:822:6: error: expected initializer before ‘__THROW’
      __THROW __nonnull ((1));
      ^~~~~~~
/usr/include/pthread.h:828:6: error: expected initializer before ‘__THROW’
      __THROW __nonnull ((1, 2));
      ^~~~~~~
/usr/include/pthread.h:834:6: error: expected initializer before ‘__THROW’
      __THROW __nonnull ((1));
      ^~~~~~~
/usr/include/pthread.h:841:6: error: expected initializer before ‘__THROW’
      __THROW __nonnull ((1, 2));
      ^~~~~~~
/usr/include/pthread.h:847:6: error: expected initializer before ‘__THROW’
      __THROW __nonnull ((1));
      ^~~~~~~
/usr/include/pthread.h:853:6: error: expected initializer before ‘__THROW’
      __THROW __nonnull ((1, 2));
      ^~~~~~~
/usr/include/pthread.h:858:6: error: expected initializer before ‘__THROW’
      __THROW __nonnull ((1));
      ^~~~~~~
/usr/include/pthread.h:864:6: error: expected initializer before ‘__THROW’
      __THROW __nonnull ((1, 2));
      ^~~~~~~
/usr/include/pthread.h:868:6: error: expected initializer before ‘__THROW’
      __THROW __nonnull ((1, 2));
      ^~~~~~~
/usr/include/pthread.h:874:6: error: expected initializer before ‘__THROW’
      __THROW __nonnull ((1));
      ^~~~~~~
/usr/include/pthread.h:878:6: error: expected initializer before ‘__THROW’
      __THROW __nonnull ((1));
      ^~~~~~~
/usr/include/pthread.h:890:13: error: expected initializer before ‘__THROW’
     __attr) __THROW __nonnull ((1));
             ^~~~~~~
/usr/include/pthread.h:894:6: error: expected initializer before ‘__THROW’
      __THROW __nonnull ((1));
      ^~~~~~~
/usr/include/pthread.h:898:6: error: expected initializer before ‘__THROWNL’
      __THROWNL __nonnull ((1));
      ^~~~~~~~~
/usr/include/pthread.h:902:3: error: expected initializer before ‘__THROWNL’
   __THROWNL __nonnull ((1));
   ^~~~~~~~~
/usr/include/pthread.h:908:23: error: expected initializer before ‘__THROWNL’
            __abstime) __THROWNL __nonnull ((1, 2));
                       ^~~~~~~~~
/usr/include/pthread.h:913:6: error: expected initializer before ‘__THROWNL’
      __THROWNL __nonnull ((1));
      ^~~~~~~~~
/usr/include/pthread.h:917:6: error: expected initializer before ‘__THROWNL’
      __THROWNL __nonnull ((1));
      ^~~~~~~~~
/usr/include/pthread.h:923:23: error: expected initializer before ‘__THROWNL’
            __abstime) __THROWNL __nonnull ((1, 2));
                       ^~~~~~~~~
/usr/include/pthread.h:928:6: error: expected initializer before ‘__THROWNL’
      __THROWNL __nonnull ((1));
      ^~~~~~~~~
/usr/include/pthread.h:935:6: error: expected initializer before ‘__THROW’
      __THROW __nonnull ((1));
      ^~~~~~~
/usr/include/pthread.h:939:6: error: expected initializer before ‘__THROW’
      __THROW __nonnull ((1));
      ^~~~~~~
/usr/include/pthread.h:945:6: error: expected initializer before ‘__THROW’
      __THROW __nonnull ((1, 2));
      ^~~~~~~
/usr/include/pthread.h:950:6: error: expected initializer before ‘__THROW’
      __THROW __nonnull ((1));
      ^~~~~~~
/usr/include/pthread.h:956:6: error: expected initializer before ‘__THROW’
      __THROW __nonnull ((1, 2));
      ^~~~~~~
/usr/include/pthread.h:960:20: error: expected initializer before ‘__THROW’
        int __pref) __THROW __nonnull ((1));
                    ^~~~~~~
/usr/include/pthread.h:970:6: error: expected initializer before ‘__THROW’
      __THROW __nonnull ((1));
      ^~~~~~~
/usr/include/pthread.h:974:6: error: expected initializer before ‘__THROW’
      __THROW __nonnull ((1));
      ^~~~~~~
/usr/include/pthread.h:978:6: error: expected initializer before ‘__THROWNL’
      __THROWNL __nonnull ((1));
      ^~~~~~~~~
/usr/include/pthread.h:982:6: error: expected initializer before ‘__THROWNL’
      __THROWNL __nonnull ((1));
      ^~~~~~~~~
/usr/include/pthread.h:991:6: error: expected initializer before ‘__nonnull’
      __nonnull ((1, 2));
      ^~~~~~~~~
/usr/include/pthread.h:1003:6: error: expected initializer before ‘__nonnull’
      __nonnull ((1, 2, 3));
      ^~~~~~~~~
/usr/include/pthread.h:1009:6: error: expected initializer before ‘__THROW’
      __THROW __nonnull ((1));
      ^~~~~~~
/usr/include/pthread.h:1013:6: error: expected initializer before ‘__THROW’
      __THROW __nonnull ((1));
      ^~~~~~~
/usr/include/pthread.h:1019:6: error: expected initializer before ‘__THROW’
      __THROW __nonnull ((1, 2));
      ^~~~~~~
/usr/include/pthread.h:1023:21: error: expected initializer before ‘__THROW’
      int __pshared) __THROW __nonnull ((1));
                     ^~~~~~~
/usr/include/pthread.h:1030:6: error: expected initializer before ‘__THROW’
      __THROW __nonnull ((1, 2));
      ^~~~~~~
/usr/include/pthread.h:1035:6: error: expected initializer before ‘__THROW’
      __THROW __nonnull ((1));
      ^~~~~~~
/usr/include/pthread.h:1045:6: error: expected initializer before ‘__THROW’
      __THROW __nonnull ((1));
      ^~~~~~~
/usr/include/pthread.h:1049:6: error: expected initializer before ‘__THROW’
      __THROW __nonnull ((1));
      ^~~~~~~
/usr/include/pthread.h:1053:6: error: expected initializer before ‘__THROWNL’
      __THROWNL __nonnull ((1));
      ^~~~~~~~~
/usr/include/pthread.h:1057:6: error: expected initializer before ‘__THROWNL’
      __THROWNL __nonnull ((1));
      ^~~~~~~~~
/usr/include/pthread.h:1061:6: error: expected initializer before ‘__THROWNL’
      __THROWNL __nonnull ((1));
      ^~~~~~~~~
/usr/include/pthread.h:1071:6: error: expected initializer before ‘__THROW’
      __THROW __nonnull ((1));
      ^~~~~~~
/usr/include/pthread.h:1075:6: error: expected initializer before ‘__THROW’
      __THROW __nonnull ((1));
      ^~~~~~~
/usr/include/pthread.h:1079:6: error: expected initializer before ‘__THROWNL’
      __THROWNL __nonnull ((1));
      ^~~~~~~~~
/usr/include/pthread.h:1084:6: error: expected initializer before ‘__THROW’
      __THROW __nonnull ((1));
      ^~~~~~~
/usr/include/pthread.h:1088:6: error: expected initializer before ‘__THROW’
      __THROW __nonnull ((1));
      ^~~~~~~
/usr/include/pthread.h:1094:6: error: expected initializer before ‘__THROW’
      __THROW __nonnull ((1, 2));
      ^~~~~~~
/usr/include/pthread.h:1099:6: error: expected initializer before ‘__THROW’
      __THROW __nonnull ((1));
      ^~~~~~~
/usr/include/pthread.h:1113:6: error: expected initializer before ‘__THROW’
      __THROW __nonnull ((1));
      ^~~~~~~
/usr/include/pthread.h:1116:53: error: expected initializer before ‘__THROW’
 extern int pthread_key_delete (pthread_key_t __key) __THROW;
                                                     ^~~~~~~
/usr/include/pthread.h:1119:56: error: expected initializer before ‘__THROW’
 extern void *pthread_getspecific (pthread_key_t __key) __THROW;
                                                        ^~~~~~~
/usr/include/pthread.h:1123:28: error: expected initializer before ‘__THROW’
     const void *__pointer) __THROW ;
                            ^~~~~~~
/usr/include/pthread.h:1128:35: error: ‘pthread_t’ was not declared in this scope
 extern int pthread_getcpuclockid (pthread_t __thread_id,
                                   ^~~~~~~~~
/usr/include/pthread.h:1129:19: error: expected primary-expression before ‘*’ token
       __clockid_t *__clock_id)
                   ^
/usr/include/pthread.h:1129:20: error: ‘__clock_id’ was not declared in this scope
       __clockid_t *__clock_id)
                    ^~~~~~~~~~
/usr/include/pthread.h:1129:30: error: expression list treated as compound expression in initializer [-fpermissive]
       __clockid_t *__clock_id)
                              ^
/usr/include/pthread.h:1147:31: error: expected initializer before ‘__THROW’
       void (*__child) (void)) __THROW;
                               ^~~~~~~
/usr/include/pthread.h:1159:1: error: ‘__END_DECLS’ does not name a type
 __END_DECLS
 ^~~~~~~~~~~
In file included from /usr/include/x86_64-linux-gnu/c++/6/bits/gthr.h:148:0,
                 from /usr/include/c++/6/ext/atomicity.h:35,
                 from /usr/include/c++/6/bits/ios_base.h:39,
                 from /usr/include/c++/6/ios:42,
                 from /usr/include/c++/6/ostream:38,
                 from /usr/include/c++/6/iostream:39,
                 from lib/sources/../headers/assembler.hpp:4,
                 from lib/sources/assembler.cpp:1:
/usr/include/x86_64-linux-gnu/c++/6/bits/gthr-default.h:101:1: error: ‘pthread_once’ was not declared in this scope
 __gthrw(pthread_once)
 ^
/usr/include/x86_64-linux-gnu/c++/6/bits/gthr-default.h:102:1: error: ‘pthread_getspecific’ was not declared in this scope
 __gthrw(pthread_getspecific)
 ^
/usr/include/x86_64-linux-gnu/c++/6/bits/gthr-default.h:103:1: error: ‘pthread_setspecific’ was not declared in this scope
 __gthrw(pthread_setspecific)
 ^
/usr/include/x86_64-linux-gnu/c++/6/bits/gthr-default.h:105:1: error: ‘pthread_create’ was not declared in this scope
 __gthrw(pthread_create)
 ^
/usr/include/x86_64-linux-gnu/c++/6/bits/gthr-default.h:108:1: error: ‘pthread_self’ was not declared in this scope
 __gthrw(pthread_self)
 ^
/usr/include/x86_64-linux-gnu/c++/6/bits/gthr-default.h:113:1: error: ‘sched_yield’ was not declared in this scope
 __gthrw(sched_yield)
 ^
/usr/include/x86_64-linux-gnu/c++/6/bits/gthr-default.h:115:1: error: ‘pthread_mutex_lock’ was not declared in this scope
 __gthrw(pthread_mutex_lock)
 ^
/usr/include/x86_64-linux-gnu/c++/6/bits/gthr-default.h:116:1: error: ‘pthread_mutex_trylock’ was not declared in this scope
 __gthrw(pthread_mutex_trylock)
 ^
/usr/include/x86_64-linux-gnu/c++/6/bits/gthr-default.h:118:1: error: ‘pthread_mutex_timedlock’ was not declared in this scope
 __gthrw(pthread_mutex_timedlock)
 ^
/usr/include/x86_64-linux-gnu/c++/6/bits/gthr-default.h:120:1: error: ‘pthread_mutex_unlock’ was not declared in this scope
 __gthrw(pthread_mutex_unlock)
 ^
/usr/include/x86_64-linux-gnu/c++/6/bits/gthr-default.h:121:1: error: ‘pthread_mutex_init’ was not declared in this scope
 __gthrw(pthread_mutex_init)
 ^
/usr/include/x86_64-linux-gnu/c++/6/bits/gthr-default.h:122:1: error: ‘pthread_mutex_destroy’ was not declared in this scope
 __gthrw(pthread_mutex_destroy)
 ^
/usr/include/x86_64-linux-gnu/c++/6/bits/gthr-default.h:124:1: error: ‘pthread_cond_init’ was not declared in this scope
 __gthrw(pthread_cond_init)
 ^
/usr/include/x86_64-linux-gnu/c++/6/bits/gthr-default.h:125:1: error: ‘pthread_cond_broadcast’ was not declared in this scope
 __gthrw(pthread_cond_broadcast)
 ^
/usr/include/x86_64-linux-gnu/c++/6/bits/gthr-default.h:126:1: error: ‘pthread_cond_signal’ was not declared in this scope
 __gthrw(pthread_cond_signal)
 ^
/usr/include/x86_64-linux-gnu/c++/6/bits/gthr-default.h:127:1: error: ‘pthread_cond_wait’ was not declared in this scope
 __gthrw(pthread_cond_wait)
 ^
/usr/include/x86_64-linux-gnu/c++/6/bits/gthr-default.h:128:1: error: ‘pthread_cond_timedwait’ was not declared in this scope
 __gthrw(pthread_cond_timedwait)
 ^
/usr/include/x86_64-linux-gnu/c++/6/bits/gthr-default.h:129:1: error: ‘pthread_cond_destroy’ was not declared in this scope
 __gthrw(pthread_cond_destroy)
 ^
/usr/include/x86_64-linux-gnu/c++/6/bits/gthr-default.h:131:1: error: ‘pthread_key_create’ was not declared in this scope
 __gthrw(pthread_key_create)
 ^
/usr/include/x86_64-linux-gnu/c++/6/bits/gthr-default.h:132:1: error: ‘pthread_key_delete’ was not declared in this scope
 __gthrw(pthread_key_delete)
 ^
/usr/include/x86_64-linux-gnu/c++/6/bits/gthr-default.h:133:1: error: ‘pthread_mutexattr_init’ was not declared in this scope
 __gthrw(pthread_mutexattr_init)
 ^
/usr/include/x86_64-linux-gnu/c++/6/bits/gthr-default.h:134:1: error: ‘pthread_mutexattr_settype’ was not declared in this scope
 __gthrw(pthread_mutexattr_settype)
 ^
/usr/include/x86_64-linux-gnu/c++/6/bits/gthr-default.h:135:1: error: ‘pthread_mutexattr_destroy’ was not declared in this scope
 __gthrw(pthread_mutexattr_destroy)
 ^
/usr/include/x86_64-linux-gnu/c++/6/bits/gthr-default.h:236:1: error: ‘pthread_key_create’ was not declared in this scope
 __gthrw2(__gthrw_(__pthread_key_create),
 ^
/usr/include/x86_64-linux-gnu/c++/6/bits/gthr-default.h:659:19: error: ‘__gthread_create’ declared as an ‘inline’ variable
 __gthread_create (__gthread_t *__threadid, void *(*__func) (void*),
                   ^~~~~~~~~~~
/usr/include/x86_64-linux-gnu/c++/6/bits/gthr-default.h:659:19: error: ‘__gthread_t’ was not declared in this scope
/usr/include/x86_64-linux-gnu/c++/6/bits/gthr-default.h:659:32: error: ‘__threadid’ was not declared in this scope
 __gthread_create (__gthread_t *__threadid, void *(*__func) (void*),
                                ^~~~~~~~~~
/usr/include/x86_64-linux-gnu/c++/6/bits/gthr-default.h:659:44: error: expected primary-expression before ‘void’
 __gthread_create (__gthread_t *__threadid, void *(*__func) (void*),
                                            ^~~~
/usr/include/x86_64-linux-gnu/c++/6/bits/gthr-default.h:660:5: error: expected primary-expression before ‘void’
     void *__args)
     ^~~~
/usr/include/x86_64-linux-gnu/c++/6/bits/gthr-default.h:660:17: error: expression list treated as compound expression in initializer [-fpermissive]
     void *__args)
                 ^
/usr/include/x86_64-linux-gnu/c++/6/bits/gthr-default.h:666:17: error: ‘__gthread_join’ declared as an ‘inline’ variable
 __gthread_join (__gthread_t __threadid, void **__value_ptr)
                 ^~~~~~~~~~~
/usr/include/x86_64-linux-gnu/c++/6/bits/gthr-default.h:666:17: error: ‘__gthread_t’ was not declared in this scope
/usr/include/x86_64-linux-gnu/c++/6/bits/gthr-default.h:666:41: error: expected primary-expression before ‘void’
 __gthread_join (__gthread_t __threadid, void **__value_ptr)
                                         ^~~~
/usr/include/x86_64-linux-gnu/c++/6/bits/gthr-default.h:666:59: error: expression list treated as compound expression in initializer [-fpermissive]
 __gthread_join (__gthread_t __threadid, void **__value_ptr)
                                                           ^
/usr/include/x86_64-linux-gnu/c++/6/bits/gthr-default.h:672:19: error: ‘__gthread_detach’ declared as an ‘inline’ variable
 __gthread_detach (__gthread_t __threadid)
                   ^~~~~~~~~~~
/usr/include/x86_64-linux-gnu/c++/6/bits/gthr-default.h:672:19: error: ‘__gthread_t’ was not declared in this scope
/usr/include/x86_64-linux-gnu/c++/6/bits/gthr-default.h:678:18: error: ‘__gthread_equal’ declared as an ‘inline’ variable
 __gthread_equal (__gthread_t __t1, __gthread_t __t2)
                  ^~~~~~~~~~~
/usr/include/x86_64-linux-gnu/c++/6/bits/gthr-default.h:678:18: error: ‘__gthread_t’ was not declared in this scope
/usr/include/x86_64-linux-gnu/c++/6/bits/gthr-default.h:678:36: error: ‘__gthread_t’ was not declared in this scope
 __gthread_equal (__gthread_t __t1, __gthread_t __t2)
                                    ^~~~~~~~~~~
/usr/include/x86_64-linux-gnu/c++/6/bits/gthr-default.h:678:52: error: expression list treated as compound expression in initializer [-fpermissive]
 __gthread_equal (__gthread_t __t1, __gthread_t __t2)
                                                    ^
/usr/include/x86_64-linux-gnu/c++/6/bits/gthr-default.h:683:15: error: ‘__gthread_t’ does not name a type
 static inline __gthread_t
               ^~~~~~~~~~~
/usr/include/x86_64-linux-gnu/c++/6/bits/gthr-default.h: In function ‘int __gthread_yield()’:
/usr/include/x86_64-linux-gnu/c++/6/bits/gthr-default.h:692:33: error: ‘__gthrw_sched_yield’ cannot be used as a function
   return __gthrw_(sched_yield) ();
                                 ^
/usr/include/x86_64-linux-gnu/c++/6/bits/gthr-default.h: In function ‘int __gthread_once(__gthread_once_t*, void (*)())’:
/usr/include/x86_64-linux-gnu/c++/6/bits/gthr-default.h:699:50: error: ‘__gthrw_pthread_once’ cannot be used as a function
     return __gthrw_(pthread_once) (__once, __func);
                                                  ^
/usr/include/x86_64-linux-gnu/c++/6/bits/gthr-default.h: In function ‘int __gthread_key_create(__gthread_key_t*, void (*)(void*))’:
/usr/include/x86_64-linux-gnu/c++/6/bits/gthr-default.h:707:53: error: ‘__gthrw_pthread_key_create’ cannot be used as a function
   return __gthrw_(pthread_key_create) (__key, __dtor);
                                                     ^
/usr/include/x86_64-linux-gnu/c++/6/bits/gthr-default.h: In function ‘int __gthread_key_delete(__gthread_key_t)’:
/usr/include/x86_64-linux-gnu/c++/6/bits/gthr-default.h:713:45: error: ‘__gthrw_pthread_key_delete’ cannot be used as a function
   return __gthrw_(pthread_key_delete) (__key);
                                             ^
/usr/include/x86_64-linux-gnu/c++/6/bits/gthr-default.h: In function ‘void* __gthread_getspecific(__gthread_key_t)’:
/usr/include/x86_64-linux-gnu/c++/6/bits/gthr-default.h:719:46: error: ‘__gthrw_pthread_getspecific’ cannot be used as a function
   return __gthrw_(pthread_getspecific) (__key);
                                              ^
/usr/include/x86_64-linux-gnu/c++/6/bits/gthr-default.h: In function ‘int __gthread_setspecific(__gthread_key_t, const void*)’:
/usr/include/x86_64-linux-gnu/c++/6/bits/gthr-default.h:725:53: error: ‘__gthrw_pthread_setspecific’ cannot be used as a function
   return __gthrw_(pthread_setspecific) (__key, __ptr);
                                                     ^
/usr/include/x86_64-linux-gnu/c++/6/bits/gthr-default.h: In function ‘void __gthread_mutex_init_function(__gthread_mutex_t*)’:
/usr/include/x86_64-linux-gnu/c++/6/bits/gthr-default.h:732:48: error: ‘__gthrw_pthread_mutex_init’ cannot be used as a function
     __gthrw_(pthread_mutex_init) (__mutex, NULL);
                                                ^
/usr/include/x86_64-linux-gnu/c++/6/bits/gthr-default.h: In function ‘int __gthread_mutex_destroy(__gthread_mutex_t*)’:
/usr/include/x86_64-linux-gnu/c++/6/bits/gthr-default.h:739:52: error: ‘__gthrw_pthread_mutex_destroy’ cannot be used as a function
     return __gthrw_(pthread_mutex_destroy) (__mutex);
                                                    ^
/usr/include/x86_64-linux-gnu/c++/6/bits/gthr-default.h: In function ‘int __gthread_mutex_lock(__gthread_mutex_t*)’:
/usr/include/x86_64-linux-gnu/c++/6/bits/gthr-default.h:748:49: error: ‘__gthrw_pthread_mutex_lock’ cannot be used as a function
     return __gthrw_(pthread_mutex_lock) (__mutex);
                                                 ^
/usr/include/x86_64-linux-gnu/c++/6/bits/gthr-default.h: In function ‘int __gthread_mutex_trylock(__gthread_mutex_t*)’:
/usr/include/x86_64-linux-gnu/c++/6/bits/gthr-default.h:757:52: error: ‘__gthrw_pthread_mutex_trylock’ cannot be used as a function
     return __gthrw_(pthread_mutex_trylock) (__mutex);
                                                    ^
/usr/include/x86_64-linux-gnu/c++/6/bits/gthr-default.h: In function ‘int __gthread_mutex_timedlock(__gthread_mutex_t*, const __gthread_time_t*)’:
/usr/include/x86_64-linux-gnu/c++/6/bits/gthr-default.h:768:69: error: ‘__gthrw_pthread_mutex_timedlock’ cannot be used as a function
     return __gthrw_(pthread_mutex_timedlock) (__mutex, __abs_timeout);
                                                                     ^
/usr/include/x86_64-linux-gnu/c++/6/bits/gthr-default.h: In function ‘int __gthread_mutex_unlock(__gthread_mutex_t*)’:
/usr/include/x86_64-linux-gnu/c++/6/bits/gthr-default.h:778:51: error: ‘__gthrw_pthread_mutex_unlock’ cannot be used as a function
     return __gthrw_(pthread_mutex_unlock) (__mutex);
                                                   ^
/usr/include/x86_64-linux-gnu/c++/6/bits/gthr-default.h: In function ‘int __gthread_cond_broadcast(__gthread_cond_t*)’:
/usr/include/x86_64-linux-gnu/c++/6/bits/gthr-default.h:852:50: error: ‘__gthrw_pthread_cond_broadcast’ cannot be used as a function
   return __gthrw_(pthread_cond_broadcast) (__cond);
                                                  ^
/usr/include/x86_64-linux-gnu/c++/6/bits/gthr-default.h: In function ‘int __gthread_cond_signal(__gthread_cond_t*)’:
/usr/include/x86_64-linux-gnu/c++/6/bits/gthr-default.h:858:47: error: ‘__gthrw_pthread_cond_signal’ cannot be used as a function
   return __gthrw_(pthread_cond_signal) (__cond);
                                               ^
/usr/include/x86_64-linux-gnu/c++/6/bits/gthr-default.h: In function ‘int __gthread_cond_wait(__gthread_cond_t*, __gthread_mutex_t*)’:
/usr/include/x86_64-linux-gnu/c++/6/bits/gthr-default.h:864:54: error: ‘__gthrw_pthread_cond_wait’ cannot be used as a function
   return __gthrw_(pthread_cond_wait) (__cond, __mutex);
                                                      ^
/usr/include/x86_64-linux-gnu/c++/6/bits/gthr-default.h: In function ‘int __gthread_cond_timedwait(__gthread_cond_t*, __gthread_mutex_t*, const __gthread_time_t*)’:
/usr/include/x86_64-linux-gnu/c++/6/bits/gthr-default.h:871:74: error: ‘__gthrw_pthread_cond_timedwait’ cannot be used as a function
   return __gthrw_(pthread_cond_timedwait) (__cond, __mutex, __abs_timeout);
                                                                          ^
/usr/include/x86_64-linux-gnu/c++/6/bits/gthr-default.h: In function ‘int __gthread_cond_destroy(__gthread_cond_t*)’:
/usr/include/x86_64-linux-gnu/c++/6/bits/gthr-default.h:884:48: error: ‘__gthrw_pthread_cond_destroy’ cannot be used as a function
   return __gthrw_(pthread_cond_destroy) (__cond);
                                                ^
In file included from /usr/include/c++/6/cstdlib:75:0,
                 from /usr/include/c++/6/ext/string_conversions.h:41,
                 from /usr/include/c++/6/bits/basic_string.h:5417,
                 from /usr/include/c++/6/string:52,
                 from /usr/include/c++/6/bits/locale_classes.h:40,
                 from /usr/include/c++/6/bits/ios_base.h:41,
                 from /usr/include/c++/6/ios:42,
                 from /usr/include/c++/6/ostream:38,
                 from /usr/include/c++/6/iostream:39,
                 from lib/sources/../headers/assembler.hpp:4,
                 from lib/sources/assembler.cpp:1:
/usr/include/stdlib.h: At global scope:
/usr/include/stdlib.h:34:1: error: ‘__BEGIN_DECLS’ does not name a type
 __BEGIN_DECLS
 ^~~~~~~~~~~~~
In file included from /usr/include/stdlib.h:41:0,
                 from /usr/include/c++/6/cstdlib:75,
                 from /usr/include/c++/6/ext/string_conversions.h:41,
                 from /usr/include/c++/6/bits/basic_string.h:5417,
                 from /usr/include/c++/6/string:52,
                 from /usr/include/c++/6/bits/locale_classes.h:40,
                 from /usr/include/c++/6/bits/ios_base.h:41,
                 from /usr/include/c++/6/ios:42,
                 from /usr/include/c++/6/ostream:38,
                 from /usr/include/c++/6/iostream:39,
                 from lib/sources/../headers/assembler.hpp:4,
                 from lib/sources/assembler.cpp:1:
/usr/include/x86_64-linux-gnu/bits/waitflags.h:55:3: error: ‘idtype_t’ does not name a type
 } idtype_t;
   ^~~~~~~~
In file included from /usr/include/c++/6/cstdlib:75:0,
                 from /usr/include/c++/6/ext/string_conversions.h:41,
                 from /usr/include/c++/6/bits/basic_string.h:5417,
                 from /usr/include/c++/6/string:52,
                 from /usr/include/c++/6/bits/locale_classes.h:40,
                 from /usr/include/c++/6/bits/ios_base.h:41,
                 from /usr/include/c++/6/ios:42,
                 from /usr/include/c++/6/ostream:38,
                 from /usr/include/c++/6/iostream:39,
                 from lib/sources/../headers/assembler.hpp:4,
                 from lib/sources/assembler.cpp:1:
/usr/include/stdlib.h:56:1: error: ‘__BEGIN_NAMESPACE_STD’ does not name a type
 __BEGIN_NAMESPACE_STD
 ^~~~~~~~~~~~~~~~~~~~~
/usr/include/stdlib.h:62:5: error: ‘div_t’ does not name a type
   } div_t;
     ^~~~~
/usr/include/stdlib.h:73:1: error: ‘__END_NAMESPACE_STD’ does not name a type
 __END_NAMESPACE_STD
 ^~~~~~~~~~~~~~~~~~~
/usr/include/stdlib.h:82:5: error: ‘lldiv_t’ does not name a type
   } lldiv_t;
     ^~~~~~~
/usr/include/stdlib.h:84:1: error: ‘__END_NAMESPACE_C99’ does not name a type
 __END_NAMESPACE_C99
 ^~~~~~~~~~~~~~~~~~~
/usr/include/stdlib.h:103:1: error: ‘__BEGIN_NAMESPACE_STD’ does not name a type
 __BEGIN_NAMESPACE_STD
 ^~~~~~~~~~~~~~~~~~~~~
/usr/include/stdlib.h:109:6: error: expected initializer before ‘__THROW’
      __THROW __attribute_pure__ __nonnull ((1)) __wur;
      ^~~~~~~
/usr/include/stdlib.h:112:6: error: expected initializer before ‘__THROW’
      __THROW __attribute_pure__ __nonnull ((1)) __wur;
      ^~~~~~~
/usr/include/stdlib.h:113:1: error: ‘__END_NAMESPACE_STD’ does not name a type
 __END_NAMESPACE_STD
 ^~~~~~~~~~~~~~~~~~~
/usr/include/stdlib.h:120:1: error: ‘__END_NAMESPACE_C99’ does not name a type
 __END_NAMESPACE_C99
 ^~~~~~~~~~~~~~~~~~~
/usr/include/stdlib.h:128:1: error: ‘__END_NAMESPACE_STD’ does not name a type
 __END_NAMESPACE_STD
 ^~~~~~~~~~~~~~~~~~~
/usr/include/stdlib.h:138:6: error: expected initializer before ‘__THROW’
      __THROW __nonnull ((1));
      ^~~~~~~
/usr/include/stdlib.h:139:1: error: ‘__END_NAMESPACE_C99’ does not name a type
 __END_NAMESPACE_C99
 ^~~~~~~~~~~~~~~~~~~
/usr/include/stdlib.h:150:6: error: expected initializer before ‘__THROW’
      __THROW __nonnull ((1));
      ^~~~~~~
/usr/include/stdlib.h:151:1: error: ‘__END_NAMESPACE_STD’ does not name a type
 __END_NAMESPACE_STD
 ^~~~~~~~~~~~~~~~~~~
/usr/include/stdlib.h:163:6: error: expected initializer before ‘__THROW’
      __THROW __nonnull ((1));
      ^~~~~~~
/usr/include/stdlib.h:167:1: error: ‘__BEGIN_NAMESPACE_C99’ does not name a type
 __BEGIN_NAMESPACE_C99
 ^~~~~~~~~~~~~~~~~~~~~
/usr/include/stdlib.h:177:6: error: expected initializer before ‘__THROW’
      __THROW __nonnull ((1));
      ^~~~~~~
/usr/include/stdlib.h:178:1: error: ‘__END_NAMESPACE_C99’ does not name a type
 __END_NAMESPACE_C99
 ^~~~~~~~~~~~~~~~~~~
/usr/include/stdlib.h:207:6: error: expected initializer before ‘__THROW’
      __THROW __nonnull ((1, 4));
      ^~~~~~~
/usr/include/stdlib.h:213:6: error: expected initializer before ‘__THROW’
      __THROW __nonnull ((1, 4));
      ^~~~~~~
/usr/include/stdlib.h:219:6: error: expected initializer before ‘__THROW’
      __THROW __nonnull ((1, 4));
      ^~~~~~~
/usr/include/stdlib.h:223:6: error: expected initializer before ‘__THROW’
      __THROW __nonnull ((1, 3));
      ^~~~~~~
/usr/include/stdlib.h:227:6: error: expected initializer before ‘__THROW’
      __THROW __nonnull ((1, 3));
      ^~~~~~~
/usr/include/stdlib.h:232:6: error: expected initializer before ‘__THROW’
      __THROW __nonnull ((1, 3));
      ^~~~~~~
/usr/include/stdlib.h:266:34: error: expected initializer before ‘__THROW’
 extern char *l64a (long int __n) __THROW __wur;
                                  ^~~~~~~
/usr/include/stdlib.h:270:6: error: expected initializer before ‘__THROW’
      __THROW __attribute_pure__ __nonnull ((1)) __wur;
      ^~~~~~~
In file included from /usr/include/stdlib.h:275:0,
                 from /usr/include/c++/6/cstdlib:75,
                 from /usr/include/c++/6/ext/string_conversions.h:41,
                 from /usr/include/c++/6/bits/basic_string.h:5417,
                 from /usr/include/c++/6/string:52,
                 from /usr/include/c++/6/bits/locale_classes.h:40,
                 from /usr/include/c++/6/bits/ios_base.h:41,
                 from /usr/include/c++/6/ios:42,
                 from /usr/include/c++/6/ostream:38,
                 from /usr/include/c++/6/iostream:39,
                 from lib/sources/../headers/assembler.hpp:4,
                 from lib/sources/assembler.cpp:1:
/usr/include/x86_64-linux-gnu/sys/types.h:27:1: error: ‘__BEGIN_DECLS’ does not name a type
 __BEGIN_DECLS
 ^~~~~~~~~~~~~
In file included from /usr/include/x86_64-linux-gnu/sys/types.h:219:0,
                 from /usr/include/stdlib.h:275,
                 from /usr/include/c++/6/cstdlib:75,
                 from /usr/include/c++/6/ext/string_conversions.h:41,
                 from /usr/include/c++/6/bits/basic_string.h:5417,
                 from /usr/include/c++/6/string:52,
                 from /usr/include/c++/6/bits/locale_classes.h:40,
                 from /usr/include/c++/6/bits/ios_base.h:41,
                 from /usr/include/c++/6/ios:42,
                 from /usr/include/c++/6/ostream:38,
                 from /usr/include/c++/6/iostream:39,
                 from lib/sources/../headers/assembler.hpp:4,
                 from lib/sources/assembler.cpp:1:
/usr/include/x86_64-linux-gnu/sys/select.h:98:1: error: ‘__BEGIN_DECLS’ does not name a type
 __BEGIN_DECLS
 ^~~~~~~~~~~~~
/usr/include/x86_64-linux-gnu/sys/select.h:133:1: error: ‘__END_DECLS’ does not name a type
 __END_DECLS
 ^~~~~~~~~~~
In file included from /usr/include/x86_64-linux-gnu/sys/types.h:222:0,
                 from /usr/include/stdlib.h:275,
                 from /usr/include/c++/6/cstdlib:75,
                 from /usr/include/c++/6/ext/string_conversions.h:41,
                 from /usr/include/c++/6/bits/basic_string.h:5417,
                 from /usr/include/c++/6/string:52,
                 from /usr/include/c++/6/bits/locale_classes.h:40,
                 from /usr/include/c++/6/bits/ios_base.h:41,
                 from /usr/include/c++/6/ios:42,
                 from /usr/include/c++/6/ostream:38,
                 from /usr/include/c++/6/iostream:39,
                 from lib/sources/../headers/assembler.hpp:4,
                 from lib/sources/assembler.cpp:1:
/usr/include/x86_64-linux-gnu/sys/sysmacros.h:31:6: error: expected initializer before ‘__THROW’
      __THROW __attribute_const__;
      ^~~~~~~
/usr/include/x86_64-linux-gnu/sys/sysmacros.h:35:6: error: expected initializer before ‘__THROW’
      __THROW __attribute_const__;
      ^~~~~~~
/usr/include/x86_64-linux-gnu/sys/sysmacros.h:58:1: error: ‘__END_DECLS’ does not name a type
 __END_DECLS
 ^~~~~~~~~~~
In file included from /usr/include/stdlib.h:275:0,
                 from /usr/include/c++/6/cstdlib:75,
                 from /usr/include/c++/6/ext/string_conversions.h:41,
                 from /usr/include/c++/6/bits/basic_string.h:5417,
                 from /usr/include/c++/6/string:52,
                 from /usr/include/c++/6/bits/locale_classes.h:40,
                 from /usr/include/c++/6/bits/ios_base.h:41,
                 from /usr/include/c++/6/ios:42,
                 from /usr/include/c++/6/ostream:38,
                 from /usr/include/c++/6/iostream:39,
                 from lib/sources/../headers/assembler.hpp:4,
                 from lib/sources/assembler.cpp:1:
/usr/include/x86_64-linux-gnu/sys/types.h:273:1: error: ‘__END_DECLS’ does not name a type
 __END_DECLS
 ^~~~~~~~~~~
In file included from /usr/include/c++/6/cstdlib:75:0,
                 from /usr/include/c++/6/ext/string_conversions.h:41,
                 from /usr/include/c++/6/bits/basic_string.h:5417,
                 from /usr/include/c++/6/string:52,
                 from /usr/include/c++/6/bits/locale_classes.h:40,
                 from /usr/include/c++/6/bits/ios_base.h:41,
                 from /usr/include/c++/6/ios:42,
                 from /usr/include/c++/6/ostream:38,
                 from /usr/include/c++/6/iostream:39,
                 from lib/sources/../headers/assembler.hpp:4,
                 from lib/sources/assembler.cpp:1:
/usr/include/stdlib.h:285:43: error: expected initializer before ‘__THROW’
 extern void srandom (unsigned int __seed) __THROW;
                                           ^~~~~~~
/usr/include/stdlib.h:292:23: error: expected initializer before ‘__THROW’
    size_t __statelen) __THROW __nonnull ((2));
                       ^~~~~~~
/usr/include/stdlib.h:296:42: error: expected initializer before ‘__THROW’
 extern char *setstate (char *__statebuf) __THROW __nonnull ((1));
                                          ^~~~~~~
/usr/include/stdlib.h:316:38: error: expected initializer before ‘__THROW’
        int32_t *__restrict __result) __THROW __nonnull ((1, 2));
                                      ^~~~~~~
/usr/include/stdlib.h:319:6: error: expected initializer before ‘__THROW’
      __THROW __nonnull ((2));
      ^~~~~~~
/usr/include/stdlib.h:324:6: error: expected initializer before ‘__THROW’
      __THROW __nonnull ((2, 4));
      ^~~~~~~
/usr/include/stdlib.h:328:6: error: expected initializer before ‘__THROW’
      __THROW __nonnull ((1, 2));
      ^~~~~~~
/usr/include/stdlib.h:333:1: error: ‘__BEGIN_NAMESPACE_STD’ does not name a type
 __BEGIN_NAMESPACE_STD
 ^~~~~~~~~~~~~~~~~~~~~
/usr/include/stdlib.h:337:41: error: expected initializer before ‘__THROW’
 extern void srand (unsigned int __seed) __THROW;
                                         ^~~~~~~
/usr/include/stdlib.h:338:1: error: ‘__END_NAMESPACE_STD’ does not name a type
 __END_NAMESPACE_STD
 ^~~~~~~~~~~~~~~~~~~
/usr/include/stdlib.h:350:30: error: expected initializer before ‘__THROW’
 extern double drand48 (void) __THROW;
                              ^~~~~~~
/usr/include/stdlib.h:351:55: error: expected initializer before ‘__THROW’
 extern double erand48 (unsigned short int __xsubi[3]) __THROW __nonnull ((1));
                                                       ^~~~~~~
/usr/include/stdlib.h:354:32: error: expected initializer before ‘__THROW’
 extern long int lrand48 (void) __THROW;
                                ^~~~~~~
/usr/include/stdlib.h:356:6: error: expected initializer before ‘__THROW’
      __THROW __nonnull ((1));
      ^~~~~~~
/usr/include/stdlib.h:359:32: error: expected initializer before ‘__THROW’
 extern long int mrand48 (void) __THROW;
                                ^~~~~~~
/usr/include/stdlib.h:361:6: error: expected initializer before ‘__THROW’
      __THROW __nonnull ((1));
      ^~~~~~~
/usr/include/stdlib.h:364:42: error: expected initializer before ‘__THROW’
 extern void srand48 (long int __seedval) __THROW;
                                          ^~~~~~~
/usr/include/stdlib.h:366:6: error: expected initializer before ‘__THROW’
      __THROW __nonnull ((1));
      ^~~~~~~
/usr/include/stdlib.h:367:53: error: expected initializer before ‘__THROW’
 extern void lcong48 (unsigned short int __param[7]) __THROW __nonnull ((1));
                                                     ^~~~~~~
/usr/include/stdlib.h:385:38: error: expected initializer before ‘__THROW’
         double *__restrict __result) __THROW __nonnull ((1, 2));
                                      ^~~~~~~
/usr/include/stdlib.h:388:38: error: expected initializer before ‘__THROW’
         double *__restrict __result) __THROW __nonnull ((1, 2));
                                      ^~~~~~~
/usr/include/stdlib.h:393:6: error: expected initializer before ‘__THROW’
      __THROW __nonnull ((1, 2));
      ^~~~~~~
/usr/include/stdlib.h:397:6: error: expected initializer before ‘__THROW’
      __THROW __nonnull ((1, 2));
      ^~~~~~~
/usr/include/stdlib.h:402:6: error: expected initializer before ‘__THROW’
      __THROW __nonnull ((1, 2));
      ^~~~~~~
/usr/include/stdlib.h:406:6: error: expected initializer before ‘__THROW’
      __THROW __nonnull ((1, 2));
      ^~~~~~~
/usr/include/stdlib.h:410:6: error: expected initializer before ‘__THROW’
      __THROW __nonnull ((2));
      ^~~~~~~
/usr/include/stdlib.h:413:39: error: expected initializer before ‘__THROW’
        struct drand48_data *__buffer) __THROW __nonnull ((1, 2));
                                       ^~~~~~~
/usr/include/stdlib.h:417:6: error: expected initializer before ‘__THROW’
      __THROW __nonnull ((1, 2));
      ^~~~~~~
/usr/include/stdlib.h:425:1: error: ‘__BEGIN_NAMESPACE_STD’ does not name a type
 __BEGIN_NAMESPACE_STD
 ^~~~~~~~~~~~~~~~~~~~~
/usr/include/stdlib.h:430:6: error: expected initializer before ‘__THROW’
      __THROW __attribute_malloc__ __wur;
      ^~~~~~~
/usr/include/stdlib.h:431:1: error: ‘__END_NAMESPACE_STD’ does not name a type
 __END_NAMESPACE_STD
 ^~~~~~~~~~~~~~~~~~~
/usr/include/stdlib.h:444:32: error: expected initializer before ‘__THROW’
 extern void free (void *__ptr) __THROW;
                                ^~~~~~~
/usr/include/stdlib.h:445:1: error: ‘__END_NAMESPACE_STD’ does not name a type
 __END_NAMESPACE_STD
 ^~~~~~~~~~~~~~~~~~~
In file included from /usr/include/stdlib.h:453:0,
                 from /usr/include/c++/6/cstdlib:75,
                 from /usr/include/c++/6/ext/string_conversions.h:41,
                 from /usr/include/c++/6/bits/basic_string.h:5417,
                 from /usr/include/c++/6/string:52,
                 from /usr/include/c++/6/bits/locale_classes.h:40,
                 from /usr/include/c++/6/bits/ios_base.h:41,
                 from /usr/include/c++/6/ios:42,
                 from /usr/include/c++/6/ostream:38,
                 from /usr/include/c++/6/iostream:39,
                 from lib/sources/../headers/assembler.hpp:4,
                 from lib/sources/assembler.cpp:1:
/usr/include/alloca.h:26:1: error: ‘__BEGIN_DECLS’ does not name a type
 __BEGIN_DECLS
 ^~~~~~~~~~~~~
/usr/include/alloca.h:38:1: error: ‘__END_DECLS’ does not name a type
 __END_DECLS
 ^~~~~~~~~~~
In file included from /usr/include/c++/6/cstdlib:75:0,
                 from /usr/include/c++/6/ext/string_conversions.h:41,
                 from /usr/include/c++/6/bits/basic_string.h:5417,
                 from /usr/include/c++/6/string:52,
                 from /usr/include/c++/6/bits/locale_classes.h:40,
                 from /usr/include/c++/6/bits/ios_base.h:41,
                 from /usr/include/c++/6/ios:42,
                 from /usr/include/c++/6/ostream:38,
                 from /usr/include/c++/6/iostream:39,
                 from lib/sources/../headers/assembler.hpp:4,
                 from lib/sources/assembler.cpp:1:
/usr/include/stdlib.h:465:6: error: expected initializer before ‘__THROW’
      __THROW __nonnull ((1)) __wur;
      ^~~~~~~
/usr/include/stdlib.h:471:6: error: expected initializer before ‘__THROW’
      __THROW __attribute_malloc__ __attribute_alloc_size__ ((2)) __wur;
      ^~~~~~~
/usr/include/stdlib.h:474:1: error: ‘__BEGIN_NAMESPACE_STD’ does not name a type
 __BEGIN_NAMESPACE_STD
 ^~~~~~~~~~~~~~~~~~~~~
/usr/include/stdlib.h:480:43: error: expected initializer before ‘__THROW’
 extern int atexit (void (*__func) (void)) __THROW __nonnull ((1));
                                           ^~~~~~~
/usr/include/stdlib.h:486:6: error: expected initializer before ‘__THROW’
      __THROW __asm ("at_quick_exit") __nonnull ((1));
      ^~~~~~~
/usr/include/stdlib.h:491:1: error: ‘__END_NAMESPACE_STD’ does not name a type
 __END_NAMESPACE_STD
 ^~~~~~~~~~~~~~~~~~~
/usr/include/stdlib.h:500:1: error: ‘__BEGIN_NAMESPACE_STD’ does not name a type
 __BEGIN_NAMESPACE_STD
 ^~~~~~~~~~~~~~~~~~~~~
/usr/include/stdlib.h:510:39: error: expected initializer before ‘__THROW’
 extern void quick_exit (int __status) __THROW __attribute__ ((__noreturn__));
                                       ^~~~~~~
/usr/include/stdlib.h:512:1: error: ‘__END_NAMESPACE_STD’ does not name a type
 __END_NAMESPACE_STD
 ^~~~~~~~~~~~~~~~~~~
/usr/include/stdlib.h:519:1: error: ‘__END_NAMESPACE_C99’ does not name a type
 __END_NAMESPACE_C99
 ^~~~~~~~~~~~~~~~~~~
/usr/include/stdlib.h:526:1: error: ‘__END_NAMESPACE_STD’ does not name a type
 __END_NAMESPACE_STD
 ^~~~~~~~~~~~~~~~~~~
/usr/include/stdlib.h:539:36: error: expected initializer before ‘__THROW’
 extern int putenv (char *__string) __THROW __nonnull ((1));
                                    ^~~~~~~
/usr/include/stdlib.h:546:6: error: expected initializer before ‘__THROW’
      __THROW __nonnull ((2));
      ^~~~~~~
/usr/include/stdlib.h:549:42: error: expected initializer before ‘__THROW’
 extern int unsetenv (const char *__name) __THROW __nonnull ((1));
                                          ^~~~~~~
/usr/include/stdlib.h:556:28: error: expected initializer before ‘__THROW’
 extern int clearenv (void) __THROW;
                            ^~~~~~~
/usr/include/stdlib.h:567:40: error: expected initializer before ‘__THROW’
 extern char *mktemp (char *__template) __THROW __nonnull ((1));
                                        ^~~~~~~
/usr/include/stdlib.h:580:39: error: expected initializer before ‘__nonnull’
 extern int mkstemp (char *__template) __nonnull ((1)) __wur;
                                       ^~~~~~~~~
/usr/include/stdlib.h:590:41: error: expected initializer before ‘__nonnull’
 extern int mkstemp64 (char *__template) __nonnull ((1)) __wur;
                                         ^~~~~~~~~
/usr/include/stdlib.h:602:57: error: expected initializer before ‘__nonnull’
 extern int mkstemps (char *__template, int __suffixlen) __nonnull ((1)) __wur;
                                                         ^~~~~~~~~
/usr/include/stdlib.h:613:6: error: expected initializer before ‘__nonnull’
      __nonnull ((1)) __wur;
      ^~~~~~~~~
/usr/include/stdlib.h:623:41: error: expected initializer before ‘__THROW’
 extern char *mkdtemp (char *__template) __THROW __nonnull ((1)) __wur;
                                         ^~~~~~~
/usr/include/stdlib.h:634:53: error: expected initializer before ‘__nonnull’
 extern int mkostemp (char *__template, int __flags) __nonnull ((1)) __wur;
                                                     ^~~~~~~~~
/usr/include/stdlib.h:644:55: error: expected initializer before ‘__nonnull’
 extern int mkostemp64 (char *__template, int __flags) __nonnull ((1)) __wur;
                                                       ^~~~~~~~~
/usr/include/stdlib.h:655:6: error: expected initializer before ‘__nonnull’
      __nonnull ((1)) __wur;
      ^~~~~~~~~
/usr/include/stdlib.h:667:6: error: expected initializer before ‘__nonnull’
      __nonnull ((1)) __wur;
      ^~~~~~~~~
/usr/include/stdlib.h:672:1: error: ‘__BEGIN_NAMESPACE_STD’ does not name a type
 __BEGIN_NAMESPACE_STD
 ^~~~~~~~~~~~~~~~~~~~~
/usr/include/stdlib.h:678:1: error: ‘__END_NAMESPACE_STD’ does not name a type
 __END_NAMESPACE_STD
 ^~~~~~~~~~~~~~~~~~~
/usr/include/stdlib.h:695:39: error: expected initializer before ‘__THROW’
          char *__restrict __resolved) __THROW __wur;
                                       ^~~~~~~
/usr/include/stdlib.h:712:1: error: ‘__BEGIN_NAMESPACE_STD’ does not name a type
 __BEGIN_NAMESPACE_STD
 ^~~~~~~~~~~~~~~~~~~~~
/usr/include/stdlib.h:726:30: error: expected initializer before ‘__nonnull’
      __compar_fn_t __compar) __nonnull ((1, 4));
                              ^~~~~~~~~
/usr/include/stdlib.h:730:3: error: expected initializer before ‘__nonnull’
   __nonnull ((1, 4));
   ^~~~~~~~~
/usr/include/stdlib.h:735:26: error: expected initializer before ‘__THROW’
 extern int abs (int __x) __THROW __attribute__ ((__const__)) __wur;
                          ^~~~~~~
/usr/include/stdlib.h:736:37: error: expected initializer before ‘__THROW’
 extern long int labs (long int __x) __THROW __attribute__ ((__const__)) __wur;
                                     ^~~~~~~
/usr/include/stdlib.h:737:1: error: ‘__END_NAMESPACE_STD’ does not name a type
 __END_NAMESPACE_STD
 ^~~~~~~~~~~~~~~~~~~
/usr/include/stdlib.h:745:1: error: ‘__BEGIN_NAMESPACE_STD’ does not name a type
 __BEGIN_NAMESPACE_STD
 ^~~~~~~~~~~~~~~~~~~~~
/usr/include/stdlib.h:752:6: error: expected initializer before ‘__THROW’
      __THROW __attribute__ ((__const__)) __wur;
      ^~~~~~~
/usr/include/stdlib.h:753:1: error: ‘__END_NAMESPACE_STD’ does not name a type
 __END_NAMESPACE_STD
 ^~~~~~~~~~~~~~~~~~~
/usr/include/stdlib.h:760:1: error: ‘__END_NAMESPACE_C99’ does not name a type
 __END_NAMESPACE_C99
 ^~~~~~~~~~~~~~~~~~~
/usr/include/stdlib.h:779:30: error: expected initializer before ‘__THROW’
      int *__restrict __sign) __THROW __nonnull ((3, 4)) __wur;
                              ^~~~~~~
/usr/include/stdlib.h:785:6: error: expected initializer before ‘__THROW’
      __THROW __nonnull ((3)) __wur;
      ^~~~~~~
/usr/include/stdlib.h:792:6: error: expected initializer before ‘__THROW’
      __THROW __nonnull ((3, 4)) __wur;
      ^~~~~~~
/usr/include/stdlib.h:795:6: error: expected initializer before ‘__THROW’
      __THROW __nonnull ((3, 4)) __wur;
      ^~~~~~~
/usr/include/stdlib.h:797:6: error: expected initializer before ‘__THROW’
      __THROW __nonnull ((3)) __wur;
      ^~~~~~~
/usr/include/stdlib.h:804:20: error: expected initializer before ‘__THROW’
      size_t __len) __THROW __nonnull ((3, 4, 5));
                    ^~~~~~~
/usr/include/stdlib.h:807:20: error: expected initializer before ‘__THROW’
      size_t __len) __THROW __nonnull ((3, 4, 5));
                    ^~~~~~~
/usr/include/stdlib.h:812:6: error: expected initializer before ‘__THROW’
      __THROW __nonnull ((3, 4, 5));
      ^~~~~~~
/usr/include/stdlib.h:816:6: error: expected initializer before ‘__THROW’
      __THROW __nonnull ((3, 4, 5));
      ^~~~~~~
/usr/include/stdlib.h:820:1: error: ‘__BEGIN_NAMESPACE_STD’ does not name a type
 __BEGIN_NAMESPACE_STD
 ^~~~~~~~~~~~~~~~~~~~~
/usr/include/stdlib.h:827:46: error: expected initializer before ‘__THROW’
      const char *__restrict __s, size_t __n) __THROW;
                                              ^~~~~~~
/usr/include/stdlib.h:830:48: error: expected initializer before ‘__THROW’
 extern int wctomb (char *__s, wchar_t __wchar) __THROW;
                                                ^~~~~~~
/usr/include/stdlib.h:835:44: error: expected initializer before ‘__THROW’
    const char *__restrict __s, size_t __n) __THROW;
                                            ^~~~~~~
/usr/include/stdlib.h:839:6: error: expected initializer before ‘__THROW’
      __THROW;
      ^~~~~~~
/usr/include/stdlib.h:840:1: error: ‘__END_NAMESPACE_STD’ does not name a type
 __END_NAMESPACE_STD
 ^~~~~~~~~~~~~~~~~~~
/usr/include/stdlib.h:862:6: error: expected initializer before ‘__THROW’
      __THROW __nonnull ((1, 2, 3)) __wur;
      ^~~~~~~
/usr/include/stdlib.h:868:40: error: expected initializer before ‘__THROW’
 extern void setkey (const char *__key) __THROW __nonnull ((1));
                                        ^~~~~~~
/usr/include/stdlib.h:876:39: error: expected initializer before ‘__wur’
 extern int posix_openpt (int __oflag) __wur;
                                       ^~~~~
/usr/include/stdlib.h:884:31: error: expected initializer before ‘__THROW’
 extern int grantpt (int __fd) __THROW;
                               ^~~~~~~
/usr/include/stdlib.h:888:32: error: expected initializer before ‘__THROW’
 extern int unlockpt (int __fd) __THROW;
                                ^~~~~~~
/usr/include/stdlib.h:893:33: error: expected initializer before ‘__THROW’
 extern char *ptsname (int __fd) __THROW __wur;
                                 ^~~~~~~
/usr/include/stdlib.h:901:6: error: expected initializer before ‘__THROW’
      __THROW __nonnull ((2));
      ^~~~~~~
/usr/include/stdlib.h:912:6: error: expected initializer before ‘__THROW’
      __THROW __nonnull ((1));
      ^~~~~~~
In file included from /usr/include/c++/6/cstdlib:75:0,
                 from /usr/include/c++/6/ext/string_conversions.h:41,
                 from /usr/include/c++/6/bits/basic_string.h:5417,
                 from /usr/include/c++/6/string:52,
                 from /usr/include/c++/6/bits/locale_classes.h:40,
                 from /usr/include/c++/6/bits/ios_base.h:41,
                 from /usr/include/c++/6/ios:42,
                 from /usr/include/c++/6/ostream:38,
                 from /usr/include/c++/6/iostream:39,
                 from lib/sources/../headers/assembler.hpp:4,
                 from lib/sources/assembler.cpp:1:
/usr/include/stdlib.h:934:1: error: ‘__END_DECLS’ does not name a type
 __END_DECLS
 ^~~~~~~~~~~
In file included from /usr/include/c++/6/cstdio:42:0,
                 from /usr/include/c++/6/ext/string_conversions.h:43,
                 from /usr/include/c++/6/bits/basic_string.h:5417,
                 from /usr/include/c++/6/string:52,
                 from /usr/include/c++/6/bits/locale_classes.h:40,
                 from /usr/include/c++/6/bits/ios_base.h:41,
                 from /usr/include/c++/6/ios:42,
                 from /usr/include/c++/6/ostream:38,
                 from /usr/include/c++/6/iostream:39,
                 from lib/sources/../headers/assembler.hpp:4,
                 from lib/sources/assembler.cpp:1:
/usr/include/stdio.h:29:1: error: ‘__BEGIN_DECLS’ does not name a type
 __BEGIN_DECLS
 ^~~~~~~~~~~~~
In file included from /usr/include/libio.h:31:0,
                 from /usr/include/stdio.h:74,
                 from /usr/include/c++/6/cstdio:42,
                 from /usr/include/c++/6/ext/string_conversions.h:43,
                 from /usr/include/c++/6/bits/basic_string.h:5417,
                 from /usr/include/c++/6/string:52,
                 from /usr/include/c++/6/bits/locale_classes.h:40,
                 from /usr/include/c++/6/bits/ios_base.h:41,
                 from /usr/include/c++/6/ios:42,
                 from /usr/include/c++/6/ostream:38,
                 from /usr/include/c++/6/iostream:39,
                 from lib/sources/../headers/assembler.hpp:4,
                 from lib/sources/assembler.cpp:1:
/usr/include/_G_config.h:25:3: error: ‘_G_fpos_t’ does not name a type
 } _G_fpos_t;
   ^~~~~~~~~
In file included from /usr/include/c++/6/cstdio:42:0,
                 from /usr/include/c++/6/ext/string_conversions.h:43,
                 from /usr/include/c++/6/bits/basic_string.h:5417,
                 from /usr/include/c++/6/string:52,
                 from /usr/include/c++/6/bits/locale_classes.h:40,
                 from /usr/include/c++/6/bits/ios_base.h:41,
                 from /usr/include/c++/6/ios:42,
                 from /usr/include/c++/6/ostream:38,
                 from /usr/include/c++/6/iostream:39,
                 from lib/sources/../headers/assembler.hpp:4,
                 from lib/sources/assembler.cpp:1:
/usr/include/stdio.h:112:9: error: ‘_G_fpos_t’ does not name a type
 typedef _G_fpos_t fpos_t;
         ^~~~~~~~~
In file included from /usr/include/c++/6/cstdio:42:0,
                 from /usr/include/c++/6/ext/string_conversions.h:43,
                 from /usr/include/c++/6/bits/basic_string.h:5417,
                 from /usr/include/c++/6/string:52,
                 from /usr/include/c++/6/bits/locale_classes.h:40,
                 from /usr/include/c++/6/bits/ios_base.h:41,
                 from /usr/include/c++/6/ios:42,
                 from /usr/include/c++/6/ostream:38,
                 from /usr/include/c++/6/iostream:39,
                 from lib/sources/../headers/assembler.hpp:4,
                 from lib/sources/assembler.cpp:1:
/usr/include/stdio.h:197:8: error: ‘FILE’ does not name a type
 extern FILE *tmpfile (void) __wur;
        ^~~~
/usr/include/stdio.h:207:8: error: ‘FILE’ does not name a type
 extern FILE *tmpfile64 (void) __wur;
        ^~~~
/usr/include/stdio.h:239:20: error: ‘FILE’ was not declared in this scope
 extern int fclose (FILE *__stream);
                    ^~~~
/usr/include/stdio.h:239:26: error: ‘__stream’ was not declared in this scope
 extern int fclose (FILE *__stream);
                          ^~~~~~~~
/usr/include/stdio.h:244:20: error: ‘FILE’ was not declared in this scope
 extern int fflush (FILE *__stream);
                    ^~~~
/usr/include/stdio.h:244:26: error: ‘__stream’ was not declared in this scope
 extern int fflush (FILE *__stream);
                          ^~~~~~~~
/usr/include/stdio.h:254:29: error: ‘FILE’ was not declared in this scope
 extern int fflush_unlocked (FILE *__stream);
                             ^~~~
/usr/include/stdio.h:254:35: error: ‘__stream’ was not declared in this scope
 extern int fflush_unlocked (FILE *__stream);
                                   ^~~~~~~~
/usr/include/stdio.h:274:8: error: ‘FILE’ does not name a type
 extern FILE *fopen (const char *__restrict __filename,
        ^~~~
/usr/include/stdio.h:280:8: error: ‘FILE’ does not name a type
 extern FILE *freopen (const char *__restrict __filename,
        ^~~~
/usr/include/stdio.h:299:8: error: ‘FILE’ does not name a type
 extern FILE *fopen64 (const char *__restrict __filename,
        ^~~~
/usr/include/stdio.h:301:8: error: ‘FILE’ does not name a type
 extern FILE *freopen64 (const char *__restrict __filename,
        ^~~~
/usr/include/stdio.h:308:8: error: ‘FILE’ does not name a type
 extern FILE *fdopen (int __fd, const char *__modes) __THROW __wur;
        ^~~~
/usr/include/stdio.h:314:8: error: ‘FILE’ does not name a type
 extern FILE *fopencookie (void *__restrict __magic_cookie,
        ^~~~
/usr/include/stdio.h:321:8: error: ‘FILE’ does not name a type
 extern FILE *fmemopen (void *__s, size_t __len, const char *__modes)
        ^~~~
/usr/include/stdio.h:327:8: error: ‘FILE’ does not name a type
 extern FILE *open_memstream (char **__bufloc, size_t *__sizeloc) __THROW __wur;
        ^~~~
/usr/include/stdio.h:334:21: error: variable or field ‘setbuf’ declared void
 extern void setbuf (FILE *__restrict __stream, char *__restrict __buf) __THROW;
                     ^~~~
/usr/include/stdio.h:334:21: error: ‘FILE’ was not declared in this scope
/usr/include/stdio.h:334:27: error: expected primary-expression before ‘__restrict’
 extern void setbuf (FILE *__restrict __stream, char *__restrict __buf) __THROW;
                           ^~~~~~~~~~
/usr/include/stdio.h:334:48: error: expected primary-expression before ‘char’
 extern void setbuf (FILE *__restrict __stream, char *__restrict __buf) __THROW;
                                                ^~~~
/usr/include/stdio.h:338:21: error: ‘FILE’ was not declared in this scope
 extern int setvbuf (FILE *__restrict __stream, char *__restrict __buf,
                     ^~~~
/usr/include/stdio.h:338:27: error: expected primary-expression before ‘__restrict’
 extern int setvbuf (FILE *__restrict __stream, char *__restrict __buf,
                           ^~~~~~~~~~
/usr/include/stdio.h:338:48: error: expected primary-expression before ‘char’
 extern int setvbuf (FILE *__restrict __stream, char *__restrict __buf,
                                                ^~~~
/usr/include/stdio.h:339:7: error: expected primary-expression before ‘int’
       int __modes, size_t __n) __THROW;
       ^~~
/usr/include/stdio.h:339:27: error: expected primary-expression before ‘__n’
       int __modes, size_t __n) __THROW;
                           ^~~
/usr/include/stdio.h:339:30: error: expression list treated as compound expression in initializer [-fpermissive]
       int __modes, size_t __n) __THROW;
                              ^
/usr/include/stdio.h:345:24: error: variable or field ‘setbuffer’ declared void
 extern void setbuffer (FILE *__restrict __stream, char *__restrict __buf,
                        ^~~~
/usr/include/stdio.h:345:24: error: ‘FILE’ was not declared in this scope
/usr/include/stdio.h:345:30: error: expected primary-expression before ‘__restrict’
 extern void setbuffer (FILE *__restrict __stream, char *__restrict __buf,
                              ^~~~~~~~~~
/usr/include/stdio.h:345:51: error: expected primary-expression before ‘char’
 extern void setbuffer (FILE *__restrict __stream, char *__restrict __buf,
                                                   ^~~~
/usr/include/stdio.h:346:17: error: expected primary-expression before ‘__size’
          size_t __size) __THROW;
                 ^~~~~~
/usr/include/stdio.h:349:25: error: variable or field ‘setlinebuf’ declared void
 extern void setlinebuf (FILE *__stream) __THROW;
                         ^~~~
/usr/include/stdio.h:349:25: error: ‘FILE’ was not declared in this scope
/usr/include/stdio.h:349:31: error: ‘__stream’ was not declared in this scope
 extern void setlinebuf (FILE *__stream) __THROW;
                               ^~~~~~~~
/usr/include/stdio.h:358:21: error: ‘FILE’ was not declared in this scope
 extern int fprintf (FILE *__restrict __stream,
                     ^~~~
/usr/include/stdio.h:358:27: error: expected primary-expression before ‘__restrict’
 extern int fprintf (FILE *__restrict __stream,
                           ^~~~~~~~~~
/usr/include/stdio.h:359:7: error: expected primary-expression before ‘const’
       const char *__restrict __format, ...);
       ^~~~~
/usr/include/stdio.h:359:40: error: expected primary-expression before ‘...’ token
       const char *__restrict __format, ...);
                                        ^~~
/usr/include/stdio.h:359:43: error: expression list treated as compound expression in initializer [-fpermissive]
       const char *__restrict __format, ...);
                                           ^
/usr/include/stdio.h:373:22: error: ‘FILE’ was not declared in this scope
 extern int vfprintf (FILE *__restrict __s, const char *__restrict __format,
                      ^~~~
/usr/include/stdio.h:373:28: error: expected primary-expression before ‘__restrict’
 extern int vfprintf (FILE *__restrict __s, const char *__restrict __format,
                            ^~~~~~~~~~
/usr/include/stdio.h:373:44: error: expected primary-expression before ‘const’
 extern int vfprintf (FILE *__restrict __s, const char *__restrict __format,
                                            ^~~~~
/usr/include/stdio.h:374:19: error: expected primary-expression before ‘__arg’
        _G_va_list __arg);
                   ^~~~~
/usr/include/stdio.h:374:24: error: expression list treated as compound expression in initializer [-fpermissive]
        _G_va_list __arg);
                        ^
/usr/include/stdio.h:427:20: error: ‘FILE’ was not declared in this scope
 extern int fscanf (FILE *__restrict __stream,
                    ^~~~
/usr/include/stdio.h:427:26: error: expected primary-expression before ‘__restrict’
 extern int fscanf (FILE *__restrict __stream,
                          ^~~~~~~~~~
/usr/include/stdio.h:428:6: error: expected primary-expression before ‘const’
      const char *__restrict __format, ...) __wur;
      ^~~~~
/usr/include/stdio.h:428:39: error: expected primary-expression before ‘...’ token
      const char *__restrict __format, ...) __wur;
                                       ^~~
/usr/include/stdio.h:428:42: error: expression list treated as compound expression in initializer [-fpermissive]
      const char *__restrict __format, ...) __wur;
                                          ^
/usr/include/stdio.h:473:21: error: ‘FILE’ was not declared in this scope
 extern int vfscanf (FILE *__restrict __s, const char *__restrict __format,
                     ^~~~
/usr/include/stdio.h:473:27: error: expected primary-expression before ‘__restrict’
 extern int vfscanf (FILE *__restrict __s, const char *__restrict __format,
                           ^~~~~~~~~~
/usr/include/stdio.h:473:43: error: expected primary-expression before ‘const’
 extern int vfscanf (FILE *__restrict __s, const char *__restrict __format,
                                           ^~~~~
/usr/include/stdio.h:474:18: error: expected primary-expression before ‘__arg’
       _G_va_list __arg)
                  ^~~~~
/usr/include/stdio.h:475:51: error: expression list treated as compound expression in initializer [-fpermissive]
      __attribute__ ((__format__ (__scanf__, 2, 0))) __wur;
                                                   ^
/usr/include/stdio.h:533:19: error: ‘FILE’ was not declared in this scope
 extern int fgetc (FILE *__stream);
                   ^~~~
/usr/include/stdio.h:533:25: error: ‘__stream’ was not declared in this scope
 extern int fgetc (FILE *__stream);
                         ^~~~~~~~
/usr/include/stdio.h:534:18: error: ‘FILE’ was not declared in this scope
 extern int getc (FILE *__stream);
                  ^~~~
/usr/include/stdio.h:534:24: error: ‘__stream’ was not declared in this scope
 extern int getc (FILE *__stream);
                        ^~~~~~~~
/usr/include/stdio.h:552:27: error: ‘FILE’ was not declared in this scope
 extern int getc_unlocked (FILE *__stream);
                           ^~~~
/usr/include/stdio.h:552:33: error: ‘__stream’ was not declared in this scope
 extern int getc_unlocked (FILE *__stream);
                                 ^~~~~~~~
/usr/include/stdio.h:563:28: error: ‘FILE’ was not declared in this scope
 extern int fgetc_unlocked (FILE *__stream);
                            ^~~~
/usr/include/stdio.h:563:34: error: ‘__stream’ was not declared in this scope
 extern int fgetc_unlocked (FILE *__stream);
                                  ^~~~~~~~
/usr/include/stdio.h:575:28: error: ‘FILE’ has not been declared
 extern int fputc (int __c, FILE *__stream);
                            ^~~~
/usr/include/stdio.h:576:27: error: ‘FILE’ has not been declared
 extern int putc (int __c, FILE *__stream);
                           ^~~~
/usr/include/stdio.h:596:37: error: ‘FILE’ has not been declared
 extern int fputc_unlocked (int __c, FILE *__stream);
                                     ^~~~
/usr/include/stdio.h:604:36: error: ‘FILE’ has not been declared
 extern int putc_unlocked (int __c, FILE *__stream);
                                    ^~~~
/usr/include/stdio.h:612:18: error: ‘FILE’ was not declared in this scope
 extern int getw (FILE *__stream);
                  ^~~~
/usr/include/stdio.h:612:24: error: ‘__stream’ was not declared in this scope
 extern int getw (FILE *__stream);
                        ^~~~~~~~
/usr/include/stdio.h:615:27: error: ‘FILE’ has not been declared
 extern int putw (int __w, FILE *__stream);
                           ^~~~
/usr/include/stdio.h:624:52: error: ‘FILE’ has not been declared
 extern char *fgets (char *__restrict __s, int __n, FILE *__restrict __stream)
                                                    ^~~~
/usr/include/stdio.h:652:9: error: ‘FILE’ has not been declared
         FILE *__restrict __stream) __wur;
         ^~~~
/usr/include/stdio.h:669:11: error: ‘FILE’ has not been declared
           FILE *__restrict __stream) __wur;
           ^~~~
/usr/include/stdio.h:672:9: error: ‘FILE’ has not been declared
         FILE *__restrict __stream) __wur;
         ^~~~
/usr/include/stdio.h:682:8: error: ‘FILE’ has not been declared
        FILE *__restrict __stream) __wur;
        ^~~~
/usr/include/stdio.h:691:47: error: ‘FILE’ has not been declared
 extern int fputs (const char *__restrict __s, FILE *__restrict __stream);
                                               ^~~~
/usr/include/stdio.h:704:29: error: ‘FILE’ has not been declared
 extern int ungetc (int __c, FILE *__stream);
                             ^~~~
/usr/include/stdio.h:712:20: error: ‘FILE’ has not been declared
        size_t __n, FILE *__restrict __stream) __wur;
                    ^~~~
/usr/include/stdio.h:718:21: error: ‘FILE’ has not been declared
         size_t __n, FILE *__restrict __s);
                     ^~~~
/usr/include/stdio.h:729:7: error: ‘FILE’ has not been declared
       FILE *__restrict __stream);
       ^~~~
/usr/include/stdio.h:740:22: error: ‘FILE’ has not been declared
          size_t __n, FILE *__restrict __stream) __wur;
                      ^~~~
/usr/include/stdio.h:742:23: error: ‘FILE’ has not been declared
           size_t __n, FILE *__restrict __stream);
                       ^~~~
/usr/include/stdio.h:751:19: error: ‘FILE’ was not declared in this scope
 extern int fseek (FILE *__stream, long int __off, int __whence);
                   ^~~~
/usr/include/stdio.h:751:25: error: ‘__stream’ was not declared in this scope
 extern int fseek (FILE *__stream, long int __off, int __whence);
                         ^~~~~~~~
/usr/include/stdio.h:751:35: error: expected primary-expression before ‘long’
 extern int fseek (FILE *__stream, long int __off, int __whence);
                                   ^~~~
/usr/include/stdio.h:751:51: error: expected primary-expression before ‘int’
 extern int fseek (FILE *__stream, long int __off, int __whence);
                                                   ^~~
/usr/include/stdio.h:751:63: error: expression list treated as compound expression in initializer [-fpermissive]
 extern int fseek (FILE *__stream, long int __off, int __whence);
                                                               ^
/usr/include/stdio.h:756:24: error: ‘FILE’ was not declared in this scope
 extern long int ftell (FILE *__stream) __wur;
                        ^~~~
/usr/include/stdio.h:756:30: error: ‘__stream’ was not declared in this scope
 extern long int ftell (FILE *__stream) __wur;
                              ^~~~~~~~
/usr/include/stdio.h:761:21: error: variable or field ‘rewind’ declared void
 extern void rewind (FILE *__stream);
                     ^~~~
/usr/include/stdio.h:761:21: error: ‘FILE’ was not declared in this scope
/usr/include/stdio.h:761:27: error: ‘__stream’ was not declared in this scope
 extern void rewind (FILE *__stream);
                           ^~~~~~~~
/usr/include/stdio.h:775:20: error: ‘FILE’ was not declared in this scope
 extern int fseeko (FILE *__stream, __off_t __off, int __whence);
                    ^~~~
/usr/include/stdio.h:775:26: error: ‘__stream’ was not declared in this scope
 extern int fseeko (FILE *__stream, __off_t __off, int __whence);
                          ^~~~~~~~
/usr/include/stdio.h:775:44: error: expected primary-expression before ‘__off’
 extern int fseeko (FILE *__stream, __off_t __off, int __whence);
                                            ^~~~~
/usr/include/stdio.h:775:51: error: expected primary-expression before ‘int’
 extern int fseeko (FILE *__stream, __off_t __off, int __whence);
                                                   ^~~
/usr/include/stdio.h:775:63: error: expression list treated as compound expression in initializer [-fpermissive]
 extern int fseeko (FILE *__stream, __off_t __off, int __whence);
                                                               ^
/usr/include/stdio.h:780:24: error: ‘FILE’ was not declared in this scope
 extern __off_t ftello (FILE *__stream) __wur;
                        ^~~~
/usr/include/stdio.h:780:30: error: ‘__stream’ was not declared in this scope
 extern __off_t ftello (FILE *__stream) __wur;
                              ^~~~~~~~
/usr/include/stdio.h:800:21: error: ‘FILE’ was not declared in this scope
 extern int fgetpos (FILE *__restrict __stream, fpos_t *__restrict __pos);
                     ^~~~
/usr/include/stdio.h:800:27: error: expected primary-expression before ‘__restrict’
 extern int fgetpos (FILE *__restrict __stream, fpos_t *__restrict __pos);
                           ^~~~~~~~~~
/usr/include/stdio.h:800:48: error: ‘fpos_t’ was not declared in this scope
 extern int fgetpos (FILE *__restrict __stream, fpos_t *__restrict __pos);
                                                ^~~~~~
/usr/include/stdio.h:800:56: error: expected primary-expression before ‘__restrict’
 extern int fgetpos (FILE *__restrict __stream, fpos_t *__restrict __pos);
                                                        ^~~~~~~~~~
/usr/include/stdio.h:800:72: error: expression list treated as compound expression in initializer [-fpermissive]
 extern int fgetpos (FILE *__restrict __stream, fpos_t *__restrict __pos);
                                                                        ^
/usr/include/stdio.h:805:21: error: ‘FILE’ was not declared in this scope
 extern int fsetpos (FILE *__stream, const fpos_t *__pos);
                     ^~~~
/usr/include/stdio.h:805:27: error: ‘__stream’ was not declared in this scope
 extern int fsetpos (FILE *__stream, const fpos_t *__pos);
                           ^~~~~~~~
/usr/include/stdio.h:805:37: error: expected primary-expression before ‘const’
 extern int fsetpos (FILE *__stream, const fpos_t *__pos);
                                     ^~~~~
/usr/include/stdio.h:805:56: error: expression list treated as compound expression in initializer [-fpermissive]
 extern int fsetpos (FILE *__stream, const fpos_t *__pos);
                                                        ^
/usr/include/stdio.h:820:22: error: ‘FILE’ was not declared in this scope
 extern int fseeko64 (FILE *__stream, __off64_t __off, int __whence);
                      ^~~~
/usr/include/stdio.h:820:28: error: ‘__stream’ was not declared in this scope
 extern int fseeko64 (FILE *__stream, __off64_t __off, int __whence);
                            ^~~~~~~~
/usr/include/stdio.h:820:48: error: expected primary-expression before ‘__off’
 extern int fseeko64 (FILE *__stream, __off64_t __off, int __whence);
                                                ^~~~~
/usr/include/stdio.h:820:55: error: expected primary-expression before ‘int’
 extern int fseeko64 (FILE *__stream, __off64_t __off, int __whence);
                                                       ^~~
/usr/include/stdio.h:820:67: error: expression list treated as compound expression in initializer [-fpermissive]
 extern int fseeko64 (FILE *__stream, __off64_t __off, int __whence);
                                                                   ^
/usr/include/stdio.h:821:28: error: ‘FILE’ was not declared in this scope
 extern __off64_t ftello64 (FILE *__stream) __wur;
                            ^~~~
/usr/include/stdio.h:821:34: error: ‘__stream’ was not declared in this scope
 extern __off64_t ftello64 (FILE *__stream) __wur;
                                  ^~~~~~~~
/usr/include/stdio.h:822:23: error: ‘FILE’ was not declared in this scope
 extern int fgetpos64 (FILE *__restrict __stream, fpos64_t *__restrict __pos);
                       ^~~~
/usr/include/stdio.h:822:29: error: expected primary-expression before ‘__restrict’
 extern int fgetpos64 (FILE *__restrict __stream, fpos64_t *__restrict __pos);
                             ^~~~~~~~~~
/usr/include/stdio.h:822:59: error: expected primary-expression before ‘*’ token
 extern int fgetpos64 (FILE *__restrict __stream, fpos64_t *__restrict __pos);
                                                           ^
/usr/include/stdio.h:822:60: error: expected primary-expression before ‘__restrict’
 extern int fgetpos64 (FILE *__restrict __stream, fpos64_t *__restrict __pos);
                                                            ^~~~~~~~~~
/usr/include/stdio.h:822:76: error: expression list treated as compound expression in initializer [-fpermissive]
 extern int fgetpos64 (FILE *__restrict __stream, fpos64_t *__restrict __pos);
                                                                            ^
/usr/include/stdio.h:823:23: error: ‘FILE’ was not declared in this scope
 extern int fsetpos64 (FILE *__stream, const fpos64_t *__pos);
                       ^~~~
/usr/include/stdio.h:823:29: error: ‘__stream’ was not declared in this scope
 extern int fsetpos64 (FILE *__stream, const fpos64_t *__pos);
                             ^~~~~~~~
/usr/include/stdio.h:823:39: error: expected primary-expression before ‘const’
 extern int fsetpos64 (FILE *__stream, const fpos64_t *__pos);
                                       ^~~~~
/usr/include/stdio.h:823:60: error: expression list treated as compound expression in initializer [-fpermissive]
 extern int fsetpos64 (FILE *__stream, const fpos64_t *__pos);
                                                            ^
/usr/include/stdio.h:828:23: error: variable or field ‘clearerr’ declared void
 extern void clearerr (FILE *__stream) __THROW;
                       ^~~~
/usr/include/stdio.h:828:23: error: ‘FILE’ was not declared in this scope
/usr/include/stdio.h:828:29: error: ‘__stream’ was not declared in this scope
 extern void clearerr (FILE *__stream) __THROW;
                             ^~~~~~~~
/usr/include/stdio.h:830:18: error: ‘FILE’ was not declared in this scope
 extern int feof (FILE *__stream) __THROW __wur;
                  ^~~~
/usr/include/stdio.h:830:24: error: ‘__stream’ was not declared in this scope
 extern int feof (FILE *__stream) __THROW __wur;
                        ^~~~~~~~
/usr/include/stdio.h:832:20: error: ‘FILE’ was not declared in this scope
 extern int ferror (FILE *__stream) __THROW __wur;
                    ^~~~
/usr/include/stdio.h:832:26: error: ‘__stream’ was not declared in this scope
 extern int ferror (FILE *__stream) __THROW __wur;
                          ^~~~~~~~
/usr/include/stdio.h:837:32: error: variable or field ‘clearerr_unlocked’ declared void
 extern void clearerr_unlocked (FILE *__stream) __THROW;
                                ^~~~
/usr/include/stdio.h:837:32: error: ‘FILE’ was not declared in this scope
/usr/include/stdio.h:837:38: error: ‘__stream’ was not declared in this scope
 extern void clearerr_unlocked (FILE *__stream) __THROW;
                                      ^~~~~~~~
/usr/include/stdio.h:838:27: error: ‘FILE’ was not declared in this scope
 extern int feof_unlocked (FILE *__stream) __THROW __wur;
                           ^~~~
/usr/include/stdio.h:838:33: error: ‘__stream’ was not declared in this scope
 extern int feof_unlocked (FILE *__stream) __THROW __wur;
                                 ^~~~~~~~
/usr/include/stdio.h:839:29: error: ‘FILE’ was not declared in this scope
 extern int ferror_unlocked (FILE *__stream) __THROW __wur;
                             ^~~~
/usr/include/stdio.h:839:35: error: ‘__stream’ was not declared in this scope
 extern int ferror_unlocked (FILE *__stream) __THROW __wur;
                                   ^~~~~~~~
In file included from /usr/include/c++/6/cstdio:42:0,
                 from /usr/include/c++/6/ext/string_conversions.h:43,
                 from /usr/include/c++/6/bits/basic_string.h:5417,
                 from /usr/include/c++/6/string:52,
                 from /usr/include/c++/6/bits/locale_classes.h:40,
                 from /usr/include/c++/6/bits/ios_base.h:41,
                 from /usr/include/c++/6/ios:42,
                 from /usr/include/c++/6/ostream:38,
                 from /usr/include/c++/6/iostream:39,
                 from lib/sources/../headers/assembler.hpp:4,
                 from lib/sources/assembler.cpp:1:
/usr/include/stdio.h:860:20: error: ‘FILE’ was not declared in this scope
 extern int fileno (FILE *__stream) __THROW __wur;
                    ^~~~
/usr/include/stdio.h:860:26: error: ‘__stream’ was not declared in this scope
 extern int fileno (FILE *__stream) __THROW __wur;
                          ^~~~~~~~
/usr/include/stdio.h:865:29: error: ‘FILE’ was not declared in this scope
 extern int fileno_unlocked (FILE *__stream) __THROW __wur;
                             ^~~~
/usr/include/stdio.h:865:35: error: ‘__stream’ was not declared in this scope
 extern int fileno_unlocked (FILE *__stream) __THROW __wur;
                                   ^~~~~~~~
/usr/include/stdio.h:874:8: error: ‘FILE’ does not name a type
 extern FILE *popen (const char *__command, const char *__modes) __wur;
        ^~~~
/usr/include/stdio.h:880:20: error: ‘FILE’ was not declared in this scope
 extern int pclose (FILE *__stream);
                    ^~~~
/usr/include/stdio.h:880:26: error: ‘__stream’ was not declared in this scope
 extern int pclose (FILE *__stream);
                          ^~~~~~~~
/usr/include/stdio.h:914:24: error: variable or field ‘flockfile’ declared void
 extern void flockfile (FILE *__stream) __THROW;
                        ^~~~
/usr/include/stdio.h:914:24: error: ‘FILE’ was not declared in this scope
/usr/include/stdio.h:914:30: error: ‘__stream’ was not declared in this scope
 extern void flockfile (FILE *__stream) __THROW;
                              ^~~~~~~~
/usr/include/stdio.h:918:26: error: ‘FILE’ was not declared in this scope
 extern int ftrylockfile (FILE *__stream) __THROW __wur;
                          ^~~~
/usr/include/stdio.h:918:32: error: ‘__stream’ was not declared in this scope
 extern int ftrylockfile (FILE *__stream) __THROW __wur;
                                ^~~~~~~~
/usr/include/stdio.h:921:26: error: variable or field ‘funlockfile’ declared void
 extern void funlockfile (FILE *__stream) __THROW;
                          ^~~~
/usr/include/stdio.h:921:26: error: ‘FILE’ was not declared in this scope
/usr/include/stdio.h:921:32: error: ‘__stream’ was not declared in this scope
 extern void funlockfile (FILE *__stream) __THROW;
                                ^~~~~~~~
In file included from /usr/include/libio.h:56:0,
                 from /usr/include/stdio.h:74,
                 from /usr/include/c++/6/cstdio:42,
                 from /usr/include/c++/6/ext/string_conversions.h:43,
                 from /usr/include/c++/6/bits/basic_string.h:5417,
                 from /usr/include/c++/6/string:52,
                 from /usr/include/c++/6/bits/locale_classes.h:40,
                 from /usr/include/c++/6/bits/ios_base.h:41,
                 from /usr/include/c++/6/ios:42,
                 from /usr/include/c++/6/ostream:38,
                 from /usr/include/c++/6/iostream:39,
                 from lib/sources/../headers/assembler.hpp:4,
                 from lib/sources/assembler.cpp:1:
/usr/include/stdio.h:944:1: error: expected declaration before ‘}’ token
 __END_DECLS
 ^
Makefile:14: fallo en las instrucciones para el objetivo 'lib/obj/assembler.o'
make: *** [lib/obj/assembler.o] Error 1
